<?xml version="1.0" encoding="UTF-8"?><testsuite errors="1" failures="2" name="org.icrc.hrspace.RCM.JobRequisitionCreationTAQForm" skipped="0" tests="4" time="2000.28" timestamp="2024-05-06 03:50:06"><testcase classname="org.icrc.hrspace.RCM.JobRequisitionCreationTAQForm" name="Complete TAQ job requisition creation and approval"><error message="Expected condition failed: waiting for visibility of By.xpath: .//div[contains(@aria-label, 'Job Requisition Summary Grid table')]//div[contains(@id, 'bodyInnerDiv')]//table (tried for 20 second(s) with 100 milliseconds interval)" type="org.openqa.selenium.TimeoutException">Expected condition failed: waiting for visibility of By.xpath: .//div[contains(@aria-label, 'Job Requisition Summary Grid table')]//div[contains(@id, 'bodyInnerDiv')]//table (tried for 20 second(s) with 100 milliseconds interval)</error><system-err>Expected condition failed: waiting for visibility of By.xpath: .//div[contains(@aria-label, 'Job Requisition Summary Grid table')]//div[contains(@id, 'bodyInnerDiv')]//table (tried for 20 second(s) with 100 milliseconds interval)&#13;
utils.ExplicitWait.explicitlyWaitForVisibilityOfElement(ExplicitWait.java:111)&#13;
pages.RecruitingPage.clickJobTitleFromJobRequisitionsTable(RecruitingPage.java:47)&#13;
steps.RecruitingSteps.when_I_click_the_requested_Job_position_from_Job_Requisitions_table(RecruitingSteps.java:36)&#13;
steps.RCM.ICRC.JobRequisitionCreationSteps.when_the_Line_Manager_adds_questions_in_Job_Requisition_Details(JobRequisitionCreationSteps.java:488)&#13;
org.icrc.hrspace.RCM.JobRequisitionCreationTAQForm.completeTAQJobRequisitionCreationAndApproval(JobRequisitionCreationTAQForm.java:965)&#13;
</system-err></testcase><testcase classname="org.icrc.hrspace.RCM.JobRequisitionCreationTAQForm" name="Create and delete TAQ job requisition in pre approved status"/><testcase classname="org.icrc.hrspace.RCM.JobRequisitionCreationTAQForm" name="Create approve and close TAQ job requisition"><failure type="java.lang.AssertionError"/><system-err>null&#13;
steps.OrganisationInfoSteps.then_the_Send_to_next_step_page_should_show_up(OrganisationInfoSteps.java:89)&#13;
steps.RCM.ICRC.JobRequisitionCreationSteps.when_the_Line_Manager_send_the_Job_requisition_for_approval(JobRequisitionCreationSteps.java:152)&#13;
org.icrc.hrspace.RCM.JobRequisitionCreationTAQForm.createApproveAndCloseTAQJobRequisition(JobRequisitionCreationTAQForm.java:457)&#13;
</system-err></testcase><testcase classname="org.icrc.hrspace.RCM.JobRequisitionCreationTAQForm" name="Create approve and decline TAQ job requisition"><failure type="java.lang.AssertionError"/><system-err>null&#13;
steps.OrganisationInfoSteps.then_the_Position_pop_up_should_show_up(OrganisationInfoSteps.java:53)&#13;
steps.RCM.ICRC.JobRequisitionCreationSteps.when_the_Line_Manager_Creates_Job_Requisition(JobRequisitionCreationSteps.java:63)&#13;
org.icrc.hrspace.RCM.JobRequisitionCreationTAQForm.createApproveAndDeclineTAQJobRequisition(JobRequisitionCreationTAQForm.java:198)&#13;
</system-err></testcase></testsuite>