<?xml version="1.0" encoding="UTF-8"?><testsuite errors="18" failures="1" name="org.icrc.hrspace.EC.EmployeeData" skipped="0" tests="19" time="3411.62" timestamp="2024-05-03 12:05:24"><testcase classname="org.icrc.hrspace.EC.EmployeeData" name="CH ED01 employee on other"><error message="Expected condition failed: waiting for presence of By.xpath: //div[contains(@role, 'listbox')]/*[.//span[contains(., 'Personal Information')]] (tried for 15 second(s) with 100 milliseconds interval)&#10;Build info: version: '3.141.59', revision: 'e82be7d358', time: '2018-11-14T08:17:03'&#10;System info: host: 'PCS13944', ip: '192.168.254.103', os.name: 'Windows 10', os.arch: 'amd64', os.version: '10.0', java.version: '11.0.16'&#10;Driver info: net.thucydides.core.webdriver.WebDriverFacade" type="org.openqa.selenium.TimeoutException">Expected condition failed: waiting for presence of By.xpath: //div[contains(@role, 'listbox')]/*[.//span[contains(., 'Personal Information')]] (tried for 15 second(s) with 100 milliseconds interval)
Build info: version: '3.141.59', revision: 'e82be7d358', time: '2018-11-14T08:17:03'
System info: host: 'PCS13944', ip: '192.168.254.103', os.name: 'Windows 10', os.arch: 'amd64', os.version: '10.0', java.version: '11.0.16'
Driver info: net.thucydides.core.webdriver.WebDriverFacade</error><system-err>Expected condition failed: waiting for presence of By.xpath: //div[contains(@role, 'listbox')]/*[.//span[contains(., 'Personal Information')]] (tried for 15 second(s) with 100 milliseconds interval)
Build info: version: '3.141.59', revision: 'e82be7d358', time: '2018-11-14T08:17:03'
System info: host: 'PCS13944', ip: '192.168.254.103', os.name: 'Windows 10', os.arch: 'amd64', os.version: '10.0', java.version: '11.0.16'
Driver info: net.thucydides.core.webdriver.WebDriverFacade&#13;
utils.ExplicitWait.explicitlyWaitForPresenceOfElement(ExplicitWait.java:119)&#13;
pages.GenericPage.clickElement(GenericPage.java:194)&#13;
pages.MyEmployeeFilePage.goToPortlet(MyEmployeeFilePage.java:53)&#13;
steps.EC.MyEmployeeFileSteps.when_EE_go_to_Personal_Info(MyEmployeeFileSteps.java:169)&#13;
org.icrc.hrspace.EC.EmployeeData.CH_ED01_Employee_on_other(EmployeeData.java:625)&#13;
</system-err></testcase><testcase classname="org.icrc.hrspace.EC.EmployeeData" name="CH ED02 employee on themselves"><error message="Expected condition failed: waiting for presence of By.xpath: //div[contains(@role, 'listbox')]/*[.//span[contains(., 'Personal Information')]]//button[@aria-label = 'Open Menu'] (tried for 15 second(s) with 100 milliseconds interval)&#10;Build info: version: '3.141.59', revision: 'e82be7d358', time: '2018-11-14T08:17:03'&#10;System info: host: 'PCS13944', ip: '192.168.254.103', os.name: 'Windows 10', os.arch: 'amd64', os.version: '10.0', java.version: '11.0.16'&#10;Driver info: net.thucydides.core.webdriver.WebDriverFacade" type="org.openqa.selenium.TimeoutException">Expected condition failed: waiting for presence of By.xpath: //div[contains(@role, 'listbox')]/*[.//span[contains(., 'Personal Information')]]//button[@aria-label = 'Open Menu'] (tried for 15 second(s) with 100 milliseconds interval)
Build info: version: '3.141.59', revision: 'e82be7d358', time: '2018-11-14T08:17:03'
System info: host: 'PCS13944', ip: '192.168.254.103', os.name: 'Windows 10', os.arch: 'amd64', os.version: '10.0', java.version: '11.0.16'
Driver info: net.thucydides.core.webdriver.WebDriverFacade</error><system-err>Expected condition failed: waiting for presence of By.xpath: //div[contains(@role, 'listbox')]/*[.//span[contains(., 'Personal Information')]]//button[@aria-label = 'Open Menu'] (tried for 15 second(s) with 100 milliseconds interval)
Build info: version: '3.141.59', revision: 'e82be7d358', time: '2018-11-14T08:17:03'
System info: host: 'PCS13944', ip: '192.168.254.103', os.name: 'Windows 10', os.arch: 'amd64', os.version: '10.0', java.version: '11.0.16'
Driver info: net.thucydides.core.webdriver.WebDriverFacade&#13;
utils.ExplicitWait.explicitlyWaitForPresenceOfElement(ExplicitWait.java:119)&#13;
pages.GenericPage.clickElement(GenericPage.java:194)&#13;
pages.MyEmployeeFilePage.goToPortlet(MyEmployeeFilePage.java:48)&#13;
steps.EC.MyEmployeeFileSteps.when_I_go_to_Biographical_Info(MyEmployeeFileSteps.java:30)&#13;
org.icrc.hrspace.EC.EmployeeData.CH_ED02_Employee_on_themselves(EmployeeData.java:565)&#13;
</system-err></testcase><testcase classname="org.icrc.hrspace.EC.EmployeeData" name="CH ED03 HRA"><error message="javascript error: Cannot read properties of null (reading 'shadowRoot')&#10;  (Session info: chrome-headless-shell=124.0.6367.118)&#10;Build info: version: '3.141.59', revision: 'e82be7d358', time: '2018-11-14T08:17:03'&#10;System info: host: 'PCS13944', ip: '192.168.254.103', os.name: 'Windows 10', os.arch: 'amd64', os.version: '10.0', java.version: '11.0.16'&#10;Driver info: org.openqa.selenium.chrome.ChromeDriver&#10;Capabilities {acceptInsecureCerts: false, browserName: chrome-headless-shell, browserVersion: 124.0.6367.118, chrome: {chromedriverVersion: 123.0.6312.58 (6b4b19e9dfbb..., userDataDir: C:\Users\A564240\AppData\Lo...}, fedcm:accounts: true, goog:chromeOptions: {debuggerAddress: localhost:55088}, javascriptEnabled: true, networkConnectionEnabled: false, pageLoadStrategy: normal, platform: WINDOWS, platformName: WINDOWS, proxy: Proxy(manual, http=gvamcpro..., setWindowRect: true, strictFileInteractability: false, timeouts: {implicit: 0, pageLoad: 300000, script: 30000}, unhandledPromptBehavior: dismiss and notify, webauthn:extension:credBlob: true, webauthn:extension:largeBlob: true, webauthn:extension:minPinLength: true, webauthn:extension:prf: true, webauthn:virtualAuthenticators: true}&#10;Session ID: 8faf7b41d84660375abb6cc2f3fc9639" type="org.openqa.selenium.JavascriptException">javascript error: Cannot read properties of null (reading 'shadowRoot')
  (Session info: chrome-headless-shell=124.0.6367.118)
Build info: version: '3.141.59', revision: 'e82be7d358', time: '2018-11-14T08:17:03'
System info: host: 'PCS13944', ip: '192.168.254.103', os.name: 'Windows 10', os.arch: 'amd64', os.version: '10.0', java.version: '11.0.16'
Driver info: org.openqa.selenium.chrome.ChromeDriver
Capabilities {acceptInsecureCerts: false, browserName: chrome-headless-shell, browserVersion: 124.0.6367.118, chrome: {chromedriverVersion: 123.0.6312.58 (6b4b19e9dfbb..., userDataDir: C:\Users\A564240\AppData\Lo...}, fedcm:accounts: true, goog:chromeOptions: {debuggerAddress: localhost:55088}, javascriptEnabled: true, networkConnectionEnabled: false, pageLoadStrategy: normal, platform: WINDOWS, platformName: WINDOWS, proxy: Proxy(manual, http=gvamcpro..., setWindowRect: true, strictFileInteractability: false, timeouts: {implicit: 0, pageLoad: 300000, script: 30000}, unhandledPromptBehavior: dismiss and notify, webauthn:extension:credBlob: true, webauthn:extension:largeBlob: true, webauthn:extension:minPinLength: true, webauthn:extension:prf: true, webauthn:virtualAuthenticators: true}
Session ID: 8faf7b41d84660375abb6cc2f3fc9639</error><system-err>javascript error: Cannot read properties of null (reading 'shadowRoot')
  (Session info: chrome-headless-shell=124.0.6367.118)
Build info: version: '3.141.59', revision: 'e82be7d358', time: '2018-11-14T08:17:03'
System info: host: 'PCS13944', ip: '192.168.254.103', os.name: 'Windows 10', os.arch: 'amd64', os.version: '10.0', java.version: '11.0.16'
Driver info: org.openqa.selenium.chrome.ChromeDriver
Capabilities {acceptInsecureCerts: false, browserName: chrome-headless-shell, browserVersion: 124.0.6367.118, chrome: {chromedriverVersion: 123.0.6312.58 (6b4b19e9dfbb..., userDataDir: C:\Users\A564240\AppData\Lo...}, fedcm:accounts: true, goog:chromeOptions: {debuggerAddress: localhost:55088}, javascriptEnabled: true, networkConnectionEnabled: false, pageLoadStrategy: normal, platform: WINDOWS, platformName: WINDOWS, proxy: Proxy(manual, http=gvamcpro..., setWindowRect: true, strictFileInteractability: false, timeouts: {implicit: 0, pageLoad: 300000, script: 30000}, unhandledPromptBehavior: dismiss and notify, webauthn:extension:credBlob: true, webauthn:extension:largeBlob: true, webauthn:extension:minPinLength: true, webauthn:extension:prf: true, webauthn:virtualAuthenticators: true}
Session ID: 8faf7b41d84660375abb6cc2f3fc9639&#13;
pages.GenericPage.javaScriptWebElement(GenericPage.java:307)&#13;
pages.HeaderPage.searchEmployeeOnSearchBar(HeaderPage.java:142)&#13;
steps.HeaderSteps.when_I_search_employee(HeaderSteps.java:34)&#13;
steps.HeaderSteps.when_I_search_for_an_employee_using_the_header_search_bar(HeaderSteps.java:26)&#13;
org.icrc.hrspace.EC.EmployeeData.CH_ED03_HRA(EmployeeData.java:126)&#13;
</system-err></testcase><testcase classname="org.icrc.hrspace.EC.EmployeeData" name="CH ED03 HR CA"><error message="javascript error: Cannot read properties of null (reading 'shadowRoot')&#10;  (Session info: chrome-headless-shell=124.0.6367.118)&#10;Build info: version: '3.141.59', revision: 'e82be7d358', time: '2018-11-14T08:17:03'&#10;System info: host: 'PCS13944', ip: '192.168.254.103', os.name: 'Windows 10', os.arch: 'amd64', os.version: '10.0', java.version: '11.0.16'&#10;Driver info: org.openqa.selenium.chrome.ChromeDriver&#10;Capabilities {acceptInsecureCerts: false, browserName: chrome-headless-shell, browserVersion: 124.0.6367.118, chrome: {chromedriverVersion: 123.0.6312.58 (6b4b19e9dfbb..., userDataDir: C:\Users\A564240\AppData\Lo...}, fedcm:accounts: true, goog:chromeOptions: {debuggerAddress: localhost:55116}, javascriptEnabled: true, networkConnectionEnabled: false, pageLoadStrategy: normal, platform: WINDOWS, platformName: WINDOWS, proxy: Proxy(manual, http=gvamcpro..., setWindowRect: true, strictFileInteractability: false, timeouts: {implicit: 0, pageLoad: 300000, script: 30000}, unhandledPromptBehavior: dismiss and notify, webauthn:extension:credBlob: true, webauthn:extension:largeBlob: true, webauthn:extension:minPinLength: true, webauthn:extension:prf: true, webauthn:virtualAuthenticators: true}&#10;Session ID: e4abdac134aaa5f71e3b7e7affeee5d0" type="org.openqa.selenium.JavascriptException">javascript error: Cannot read properties of null (reading 'shadowRoot')
  (Session info: chrome-headless-shell=124.0.6367.118)
Build info: version: '3.141.59', revision: 'e82be7d358', time: '2018-11-14T08:17:03'
System info: host: 'PCS13944', ip: '192.168.254.103', os.name: 'Windows 10', os.arch: 'amd64', os.version: '10.0', java.version: '11.0.16'
Driver info: org.openqa.selenium.chrome.ChromeDriver
Capabilities {acceptInsecureCerts: false, browserName: chrome-headless-shell, browserVersion: 124.0.6367.118, chrome: {chromedriverVersion: 123.0.6312.58 (6b4b19e9dfbb..., userDataDir: C:\Users\A564240\AppData\Lo...}, fedcm:accounts: true, goog:chromeOptions: {debuggerAddress: localhost:55116}, javascriptEnabled: true, networkConnectionEnabled: false, pageLoadStrategy: normal, platform: WINDOWS, platformName: WINDOWS, proxy: Proxy(manual, http=gvamcpro..., setWindowRect: true, strictFileInteractability: false, timeouts: {implicit: 0, pageLoad: 300000, script: 30000}, unhandledPromptBehavior: dismiss and notify, webauthn:extension:credBlob: true, webauthn:extension:largeBlob: true, webauthn:extension:minPinLength: true, webauthn:extension:prf: true, webauthn:virtualAuthenticators: true}
Session ID: e4abdac134aaa5f71e3b7e7affeee5d0</error><system-err>javascript error: Cannot read properties of null (reading 'shadowRoot')
  (Session info: chrome-headless-shell=124.0.6367.118)
Build info: version: '3.141.59', revision: 'e82be7d358', time: '2018-11-14T08:17:03'
System info: host: 'PCS13944', ip: '192.168.254.103', os.name: 'Windows 10', os.arch: 'amd64', os.version: '10.0', java.version: '11.0.16'
Driver info: org.openqa.selenium.chrome.ChromeDriver
Capabilities {acceptInsecureCerts: false, browserName: chrome-headless-shell, browserVersion: 124.0.6367.118, chrome: {chromedriverVersion: 123.0.6312.58 (6b4b19e9dfbb..., userDataDir: C:\Users\A564240\AppData\Lo...}, fedcm:accounts: true, goog:chromeOptions: {debuggerAddress: localhost:55116}, javascriptEnabled: true, networkConnectionEnabled: false, pageLoadStrategy: normal, platform: WINDOWS, platformName: WINDOWS, proxy: Proxy(manual, http=gvamcpro..., setWindowRect: true, strictFileInteractability: false, timeouts: {implicit: 0, pageLoad: 300000, script: 30000}, unhandledPromptBehavior: dismiss and notify, webauthn:extension:credBlob: true, webauthn:extension:largeBlob: true, webauthn:extension:minPinLength: true, webauthn:extension:prf: true, webauthn:virtualAuthenticators: true}
Session ID: e4abdac134aaa5f71e3b7e7affeee5d0&#13;
pages.GenericPage.javaScriptWebElement(GenericPage.java:307)&#13;
pages.HeaderPage.searchEmployeeOnSearchBar(HeaderPage.java:142)&#13;
steps.HeaderSteps.when_I_search_employee(HeaderSteps.java:34)&#13;
steps.HeaderSteps.when_I_search_for_an_employee_using_the_header_search_bar(HeaderSteps.java:26)&#13;
org.icrc.hrspace.EC.EmployeeData.CH_ED03_HR_CA(EmployeeData.java:346)&#13;
</system-err></testcase><testcase classname="org.icrc.hrspace.EC.EmployeeData" name="CH ED03 HR pay roll"><error message="javascript error: Cannot read properties of null (reading 'shadowRoot')&#10;  (Session info: chrome-headless-shell=124.0.6367.118)&#10;Build info: version: '3.141.59', revision: 'e82be7d358', time: '2018-11-14T08:17:03'&#10;System info: host: 'PCS13944', ip: '192.168.254.103', os.name: 'Windows 10', os.arch: 'amd64', os.version: '10.0', java.version: '11.0.16'&#10;Driver info: org.openqa.selenium.chrome.ChromeDriver&#10;Capabilities {acceptInsecureCerts: false, browserName: chrome-headless-shell, browserVersion: 124.0.6367.118, chrome: {chromedriverVersion: 123.0.6312.58 (6b4b19e9dfbb..., userDataDir: C:\Users\A564240\AppData\Lo...}, fedcm:accounts: true, goog:chromeOptions: {debuggerAddress: localhost:55144}, javascriptEnabled: true, networkConnectionEnabled: false, pageLoadStrategy: normal, platform: WINDOWS, platformName: WINDOWS, proxy: Proxy(manual, http=gvamcpro..., setWindowRect: true, strictFileInteractability: false, timeouts: {implicit: 0, pageLoad: 300000, script: 30000}, unhandledPromptBehavior: dismiss and notify, webauthn:extension:credBlob: true, webauthn:extension:largeBlob: true, webauthn:extension:minPinLength: true, webauthn:extension:prf: true, webauthn:virtualAuthenticators: true}&#10;Session ID: f121326b1b95c444d7760b29761128cf" type="org.openqa.selenium.JavascriptException">javascript error: Cannot read properties of null (reading 'shadowRoot')
  (Session info: chrome-headless-shell=124.0.6367.118)
Build info: version: '3.141.59', revision: 'e82be7d358', time: '2018-11-14T08:17:03'
System info: host: 'PCS13944', ip: '192.168.254.103', os.name: 'Windows 10', os.arch: 'amd64', os.version: '10.0', java.version: '11.0.16'
Driver info: org.openqa.selenium.chrome.ChromeDriver
Capabilities {acceptInsecureCerts: false, browserName: chrome-headless-shell, browserVersion: 124.0.6367.118, chrome: {chromedriverVersion: 123.0.6312.58 (6b4b19e9dfbb..., userDataDir: C:\Users\A564240\AppData\Lo...}, fedcm:accounts: true, goog:chromeOptions: {debuggerAddress: localhost:55144}, javascriptEnabled: true, networkConnectionEnabled: false, pageLoadStrategy: normal, platform: WINDOWS, platformName: WINDOWS, proxy: Proxy(manual, http=gvamcpro..., setWindowRect: true, strictFileInteractability: false, timeouts: {implicit: 0, pageLoad: 300000, script: 30000}, unhandledPromptBehavior: dismiss and notify, webauthn:extension:credBlob: true, webauthn:extension:largeBlob: true, webauthn:extension:minPinLength: true, webauthn:extension:prf: true, webauthn:virtualAuthenticators: true}
Session ID: f121326b1b95c444d7760b29761128cf</error><system-err>javascript error: Cannot read properties of null (reading 'shadowRoot')
  (Session info: chrome-headless-shell=124.0.6367.118)
Build info: version: '3.141.59', revision: 'e82be7d358', time: '2018-11-14T08:17:03'
System info: host: 'PCS13944', ip: '192.168.254.103', os.name: 'Windows 10', os.arch: 'amd64', os.version: '10.0', java.version: '11.0.16'
Driver info: org.openqa.selenium.chrome.ChromeDriver
Capabilities {acceptInsecureCerts: false, browserName: chrome-headless-shell, browserVersion: 124.0.6367.118, chrome: {chromedriverVersion: 123.0.6312.58 (6b4b19e9dfbb..., userDataDir: C:\Users\A564240\AppData\Lo...}, fedcm:accounts: true, goog:chromeOptions: {debuggerAddress: localhost:55144}, javascriptEnabled: true, networkConnectionEnabled: false, pageLoadStrategy: normal, platform: WINDOWS, platformName: WINDOWS, proxy: Proxy(manual, http=gvamcpro..., setWindowRect: true, strictFileInteractability: false, timeouts: {implicit: 0, pageLoad: 300000, script: 30000}, unhandledPromptBehavior: dismiss and notify, webauthn:extension:credBlob: true, webauthn:extension:largeBlob: true, webauthn:extension:minPinLength: true, webauthn:extension:prf: true, webauthn:virtualAuthenticators: true}
Session ID: f121326b1b95c444d7760b29761128cf&#13;
pages.GenericPage.javaScriptWebElement(GenericPage.java:307)&#13;
pages.HeaderPage.searchEmployeeOnSearchBar(HeaderPage.java:142)&#13;
steps.HeaderSteps.when_I_search_employee(HeaderSteps.java:34)&#13;
steps.HeaderSteps.when_I_search_for_an_employee_using_the_header_search_bar(HeaderSteps.java:26)&#13;
org.icrc.hrspace.EC.EmployeeData.CH_ED03_HR_PayRoll(EmployeeData.java:204)&#13;
</system-err></testcase><testcase classname="org.icrc.hrspace.EC.EmployeeData" name="CH ED03 HR remuneraton"><error message="Expected condition failed: waiting for presence of By.xpath: //div[contains(@role, 'listbox')]/*[.//span[contains(., 'Personal Information')]]//button[@aria-label = 'Open Menu'] (tried for 15 second(s) with 100 milliseconds interval)&#10;Build info: version: '3.141.59', revision: 'e82be7d358', time: '2018-11-14T08:17:03'&#10;System info: host: 'PCS13944', ip: '192.168.254.103', os.name: 'Windows 10', os.arch: 'amd64', os.version: '10.0', java.version: '11.0.16'&#10;Driver info: net.thucydides.core.webdriver.WebDriverFacade" type="org.openqa.selenium.TimeoutException">Expected condition failed: waiting for presence of By.xpath: //div[contains(@role, 'listbox')]/*[.//span[contains(., 'Personal Information')]]//button[@aria-label = 'Open Menu'] (tried for 15 second(s) with 100 milliseconds interval)
Build info: version: '3.141.59', revision: 'e82be7d358', time: '2018-11-14T08:17:03'
System info: host: 'PCS13944', ip: '192.168.254.103', os.name: 'Windows 10', os.arch: 'amd64', os.version: '10.0', java.version: '11.0.16'
Driver info: net.thucydides.core.webdriver.WebDriverFacade</error><system-err>Expected condition failed: waiting for presence of By.xpath: //div[contains(@role, 'listbox')]/*[.//span[contains(., 'Personal Information')]]//button[@aria-label = 'Open Menu'] (tried for 15 second(s) with 100 milliseconds interval)
Build info: version: '3.141.59', revision: 'e82be7d358', time: '2018-11-14T08:17:03'
System info: host: 'PCS13944', ip: '192.168.254.103', os.name: 'Windows 10', os.arch: 'amd64', os.version: '10.0', java.version: '11.0.16'
Driver info: net.thucydides.core.webdriver.WebDriverFacade&#13;
utils.ExplicitWait.explicitlyWaitForPresenceOfElement(ExplicitWait.java:119)&#13;
pages.GenericPage.clickElement(GenericPage.java:194)&#13;
pages.MyEmployeeFilePage.goToPortlet(MyEmployeeFilePage.java:48)&#13;
steps.EC.MyEmployeeFileSteps.when_I_go_to_Biographical_Info(MyEmployeeFileSteps.java:30)&#13;
org.icrc.hrspace.EC.EmployeeData.CH_ED03_HR_Remuneraton(EmployeeData.java:281)&#13;
</system-err></testcase><testcase classname="org.icrc.hrspace.EC.EmployeeData" name="CH ED04 HRIS"><failure type="java.lang.AssertionError"/><system-err>null&#13;
steps.EC.MyEmployeeFileSteps.then_i_check_that_the_field_should_be_editable_and_Add_button_should_be_present(MyEmployeeFileSteps.java:461)&#13;
steps.EC.MyEmployeeFileSteps.then_the_field_should_be_editable_and_Add_button_should_be_present(MyEmployeeFileSteps.java:456)&#13;
steps.EC.MyEmployeeFileSteps.then_the_read_and_write_property_of_National_Id_should_be_correct(MyEmployeeFileSteps.java:503)&#13;
steps.EC.MyEmployeeFileSteps.then_the_edit_property_of_National_ID_fields_for_HRIS_should_be_correctly_set(MyEmployeeFileSteps.java:448)&#13;
org.icrc.hrspace.EC.EmployeeData.CH_ED04_HRIS(EmployeeData.java:67)&#13;
</system-err></testcase><testcase classname="org.icrc.hrspace.EC.EmployeeData" name="CH ED05 HRM"><error message="javascript error: Cannot read properties of null (reading 'shadowRoot')&#10;  (Session info: chrome-headless-shell=124.0.6367.118)&#10;Build info: version: '3.141.59', revision: 'e82be7d358', time: '2018-11-14T08:17:03'&#10;System info: host: 'PCS13944', ip: '192.168.254.103', os.name: 'Windows 10', os.arch: 'amd64', os.version: '10.0', java.version: '11.0.16'&#10;Driver info: org.openqa.selenium.chrome.ChromeDriver&#10;Capabilities {acceptInsecureCerts: false, browserName: chrome-headless-shell, browserVersion: 124.0.6367.118, chrome: {chromedriverVersion: 123.0.6312.58 (6b4b19e9dfbb..., userDataDir: C:\Users\A564240\AppData\Lo...}, fedcm:accounts: true, goog:chromeOptions: {debuggerAddress: localhost:55360}, javascriptEnabled: true, networkConnectionEnabled: false, pageLoadStrategy: normal, platform: WINDOWS, platformName: WINDOWS, proxy: Proxy(manual, http=gvamcpro..., setWindowRect: true, strictFileInteractability: false, timeouts: {implicit: 0, pageLoad: 300000, script: 30000}, unhandledPromptBehavior: dismiss and notify, webauthn:extension:credBlob: true, webauthn:extension:largeBlob: true, webauthn:extension:minPinLength: true, webauthn:extension:prf: true, webauthn:virtualAuthenticators: true}&#10;Session ID: e40c50ec47eb2ee07fa32c1a30d6b2cc" type="org.openqa.selenium.JavascriptException">javascript error: Cannot read properties of null (reading 'shadowRoot')
  (Session info: chrome-headless-shell=124.0.6367.118)
Build info: version: '3.141.59', revision: 'e82be7d358', time: '2018-11-14T08:17:03'
System info: host: 'PCS13944', ip: '192.168.254.103', os.name: 'Windows 10', os.arch: 'amd64', os.version: '10.0', java.version: '11.0.16'
Driver info: org.openqa.selenium.chrome.ChromeDriver
Capabilities {acceptInsecureCerts: false, browserName: chrome-headless-shell, browserVersion: 124.0.6367.118, chrome: {chromedriverVersion: 123.0.6312.58 (6b4b19e9dfbb..., userDataDir: C:\Users\A564240\AppData\Lo...}, fedcm:accounts: true, goog:chromeOptions: {debuggerAddress: localhost:55360}, javascriptEnabled: true, networkConnectionEnabled: false, pageLoadStrategy: normal, platform: WINDOWS, platformName: WINDOWS, proxy: Proxy(manual, http=gvamcpro..., setWindowRect: true, strictFileInteractability: false, timeouts: {implicit: 0, pageLoad: 300000, script: 30000}, unhandledPromptBehavior: dismiss and notify, webauthn:extension:credBlob: true, webauthn:extension:largeBlob: true, webauthn:extension:minPinLength: true, webauthn:extension:prf: true, webauthn:virtualAuthenticators: true}
Session ID: e40c50ec47eb2ee07fa32c1a30d6b2cc</error><system-err>javascript error: Cannot read properties of null (reading 'shadowRoot')
  (Session info: chrome-headless-shell=124.0.6367.118)
Build info: version: '3.141.59', revision: 'e82be7d358', time: '2018-11-14T08:17:03'
System info: host: 'PCS13944', ip: '192.168.254.103', os.name: 'Windows 10', os.arch: 'amd64', os.version: '10.0', java.version: '11.0.16'
Driver info: org.openqa.selenium.chrome.ChromeDriver
Capabilities {acceptInsecureCerts: false, browserName: chrome-headless-shell, browserVersion: 124.0.6367.118, chrome: {chromedriverVersion: 123.0.6312.58 (6b4b19e9dfbb..., userDataDir: C:\Users\A564240\AppData\Lo...}, fedcm:accounts: true, goog:chromeOptions: {debuggerAddress: localhost:55360}, javascriptEnabled: true, networkConnectionEnabled: false, pageLoadStrategy: normal, platform: WINDOWS, platformName: WINDOWS, proxy: Proxy(manual, http=gvamcpro..., setWindowRect: true, strictFileInteractability: false, timeouts: {implicit: 0, pageLoad: 300000, script: 30000}, unhandledPromptBehavior: dismiss and notify, webauthn:extension:credBlob: true, webauthn:extension:largeBlob: true, webauthn:extension:minPinLength: true, webauthn:extension:prf: true, webauthn:virtualAuthenticators: true}
Session ID: e40c50ec47eb2ee07fa32c1a30d6b2cc&#13;
pages.GenericPage.javaScriptWebElement(GenericPage.java:307)&#13;
pages.HeaderPage.searchEmployeeOnSearchBar(HeaderPage.java:142)&#13;
steps.HeaderSteps.when_I_search_employee(HeaderSteps.java:34)&#13;
steps.HeaderSteps.when_I_search_for_an_employee_using_the_header_search_bar(HeaderSteps.java:26)&#13;
org.icrc.hrspace.EC.EmployeeData.CH_ED05_HRM(EmployeeData.java:420)&#13;
</system-err></testcase><testcase classname="org.icrc.hrspace.EC.EmployeeData" name="CH ED08 LM"><error message="Expected condition failed: waiting for presence of By.xpath: //div[contains(@role, 'listbox')]/*[.//span[contains(., 'Personal Information')]]//button[@aria-label = 'Open Menu'] (tried for 15 second(s) with 100 milliseconds interval)&#10;Build info: version: '3.141.59', revision: 'e82be7d358', time: '2018-11-14T08:17:03'&#10;System info: host: 'PCS13944', ip: '192.168.254.103', os.name: 'Windows 10', os.arch: 'amd64', os.version: '10.0', java.version: '11.0.16'&#10;Driver info: net.thucydides.core.webdriver.WebDriverFacade" type="org.openqa.selenium.TimeoutException">Expected condition failed: waiting for presence of By.xpath: //div[contains(@role, 'listbox')]/*[.//span[contains(., 'Personal Information')]]//button[@aria-label = 'Open Menu'] (tried for 15 second(s) with 100 milliseconds interval)
Build info: version: '3.141.59', revision: 'e82be7d358', time: '2018-11-14T08:17:03'
System info: host: 'PCS13944', ip: '192.168.254.103', os.name: 'Windows 10', os.arch: 'amd64', os.version: '10.0', java.version: '11.0.16'
Driver info: net.thucydides.core.webdriver.WebDriverFacade</error><system-err>Expected condition failed: waiting for presence of By.xpath: //div[contains(@role, 'listbox')]/*[.//span[contains(., 'Personal Information')]]//button[@aria-label = 'Open Menu'] (tried for 15 second(s) with 100 milliseconds interval)
Build info: version: '3.141.59', revision: 'e82be7d358', time: '2018-11-14T08:17:03'
System info: host: 'PCS13944', ip: '192.168.254.103', os.name: 'Windows 10', os.arch: 'amd64', os.version: '10.0', java.version: '11.0.16'
Driver info: net.thucydides.core.webdriver.WebDriverFacade&#13;
utils.ExplicitWait.explicitlyWaitForPresenceOfElement(ExplicitWait.java:119)&#13;
pages.GenericPage.clickElement(GenericPage.java:194)&#13;
pages.MyEmployeeFilePage.goToPortlet(MyEmployeeFilePage.java:48)&#13;
steps.EC.MyEmployeeFileSteps.when_I_go_to_Biographical_Info(MyEmployeeFileSteps.java:30)&#13;
org.icrc.hrspace.EC.EmployeeData.CH_ED08_LM(EmployeeData.java:484)&#13;
</system-err></testcase><testcase classname="org.icrc.hrspace.EC.EmployeeData" name="CH ED11 talent manager"><error message="Expected condition failed: waiting for presence of By.xpath: //div[contains(@role, 'listbox')]/*[.//span[contains(., 'Personal Information')]]//button[@aria-label = 'Open Menu'] (tried for 15 second(s) with 100 milliseconds interval)&#10;Build info: version: '3.141.59', revision: 'e82be7d358', time: '2018-11-14T08:17:03'&#10;System info: host: 'PCS13944', ip: '192.168.254.103', os.name: 'Windows 10', os.arch: 'amd64', os.version: '10.0', java.version: '11.0.16'&#10;Driver info: net.thucydides.core.webdriver.WebDriverFacade" type="org.openqa.selenium.TimeoutException">Expected condition failed: waiting for presence of By.xpath: //div[contains(@role, 'listbox')]/*[.//span[contains(., 'Personal Information')]]//button[@aria-label = 'Open Menu'] (tried for 15 second(s) with 100 milliseconds interval)
Build info: version: '3.141.59', revision: 'e82be7d358', time: '2018-11-14T08:17:03'
System info: host: 'PCS13944', ip: '192.168.254.103', os.name: 'Windows 10', os.arch: 'amd64', os.version: '10.0', java.version: '11.0.16'
Driver info: net.thucydides.core.webdriver.WebDriverFacade</error><system-err>Expected condition failed: waiting for presence of By.xpath: //div[contains(@role, 'listbox')]/*[.//span[contains(., 'Personal Information')]]//button[@aria-label = 'Open Menu'] (tried for 15 second(s) with 100 milliseconds interval)
Build info: version: '3.141.59', revision: 'e82be7d358', time: '2018-11-14T08:17:03'
System info: host: 'PCS13944', ip: '192.168.254.103', os.name: 'Windows 10', os.arch: 'amd64', os.version: '10.0', java.version: '11.0.16'
Driver info: net.thucydides.core.webdriver.WebDriverFacade&#13;
utils.ExplicitWait.explicitlyWaitForPresenceOfElement(ExplicitWait.java:119)&#13;
pages.GenericPage.clickElement(GenericPage.java:194)&#13;
pages.MyEmployeeFilePage.goToPortlet(MyEmployeeFilePage.java:48)&#13;
steps.EC.MyEmployeeFileSteps.when_I_go_to_Personal_Info(MyEmployeeFileSteps.java:164)&#13;
org.icrc.hrspace.EC.EmployeeData.CH_ED11_TalentManager(EmployeeData.java:524)&#13;
</system-err></testcase><testcase classname="org.icrc.hrspace.EC.EmployeeData" name="RES ED02 employee on themselves"><error message="Expected condition failed: waiting for presence of By.xpath: //div[contains(@role, 'listbox')]/*[.//span[contains(., 'Personal Information')]]//button[@aria-label = 'Open Menu'] (tried for 15 second(s) with 100 milliseconds interval)&#10;Build info: version: '3.141.59', revision: 'e82be7d358', time: '2018-11-14T08:17:03'&#10;System info: host: 'PCS13944', ip: '192.168.254.103', os.name: 'Windows 10', os.arch: 'amd64', os.version: '10.0', java.version: '11.0.16'&#10;Driver info: net.thucydides.core.webdriver.WebDriverFacade" type="org.openqa.selenium.TimeoutException">Expected condition failed: waiting for presence of By.xpath: //div[contains(@role, 'listbox')]/*[.//span[contains(., 'Personal Information')]]//button[@aria-label = 'Open Menu'] (tried for 15 second(s) with 100 milliseconds interval)
Build info: version: '3.141.59', revision: 'e82be7d358', time: '2018-11-14T08:17:03'
System info: host: 'PCS13944', ip: '192.168.254.103', os.name: 'Windows 10', os.arch: 'amd64', os.version: '10.0', java.version: '11.0.16'
Driver info: net.thucydides.core.webdriver.WebDriverFacade</error><system-err>Expected condition failed: waiting for presence of By.xpath: //div[contains(@role, 'listbox')]/*[.//span[contains(., 'Personal Information')]]//button[@aria-label = 'Open Menu'] (tried for 15 second(s) with 100 milliseconds interval)
Build info: version: '3.141.59', revision: 'e82be7d358', time: '2018-11-14T08:17:03'
System info: host: 'PCS13944', ip: '192.168.254.103', os.name: 'Windows 10', os.arch: 'amd64', os.version: '10.0', java.version: '11.0.16'
Driver info: net.thucydides.core.webdriver.WebDriverFacade&#13;
utils.ExplicitWait.explicitlyWaitForPresenceOfElement(ExplicitWait.java:119)&#13;
pages.GenericPage.clickElement(GenericPage.java:194)&#13;
pages.MyEmployeeFilePage.goToPortlet(MyEmployeeFilePage.java:48)&#13;
steps.EC.MyEmployeeFileSteps.when_I_go_to_Biographical_Info(MyEmployeeFileSteps.java:30)&#13;
org.icrc.hrspace.EC.EmployeeData.RES_ED02_Employee_on_themselves(EmployeeData.java:1222)&#13;
</system-err></testcase><testcase classname="org.icrc.hrspace.EC.EmployeeData" name="RES ED03 line manager"><error message="Expected condition failed: waiting for presence of By.xpath: //div[contains(@role, 'listbox')]/*[.//span[contains(., 'Personal Information')]]//button[@aria-label = 'Open Menu'] (tried for 15 second(s) with 100 milliseconds interval)&#10;Build info: version: '3.141.59', revision: 'e82be7d358', time: '2018-11-14T08:17:03'&#10;System info: host: 'PCS13944', ip: '192.168.254.103', os.name: 'Windows 10', os.arch: 'amd64', os.version: '10.0', java.version: '11.0.16'&#10;Driver info: net.thucydides.core.webdriver.WebDriverFacade" type="org.openqa.selenium.TimeoutException">Expected condition failed: waiting for presence of By.xpath: //div[contains(@role, 'listbox')]/*[.//span[contains(., 'Personal Information')]]//button[@aria-label = 'Open Menu'] (tried for 15 second(s) with 100 milliseconds interval)
Build info: version: '3.141.59', revision: 'e82be7d358', time: '2018-11-14T08:17:03'
System info: host: 'PCS13944', ip: '192.168.254.103', os.name: 'Windows 10', os.arch: 'amd64', os.version: '10.0', java.version: '11.0.16'
Driver info: net.thucydides.core.webdriver.WebDriverFacade</error><system-err>Expected condition failed: waiting for presence of By.xpath: //div[contains(@role, 'listbox')]/*[.//span[contains(., 'Personal Information')]]//button[@aria-label = 'Open Menu'] (tried for 15 second(s) with 100 milliseconds interval)
Build info: version: '3.141.59', revision: 'e82be7d358', time: '2018-11-14T08:17:03'
System info: host: 'PCS13944', ip: '192.168.254.103', os.name: 'Windows 10', os.arch: 'amd64', os.version: '10.0', java.version: '11.0.16'
Driver info: net.thucydides.core.webdriver.WebDriverFacade&#13;
utils.ExplicitWait.explicitlyWaitForPresenceOfElement(ExplicitWait.java:119)&#13;
pages.GenericPage.clickElement(GenericPage.java:194)&#13;
pages.MyEmployeeFilePage.goToPortlet(MyEmployeeFilePage.java:48)&#13;
steps.EC.MyEmployeeFileSteps.when_I_go_to_Biographical_Info(MyEmployeeFileSteps.java:30)&#13;
org.icrc.hrspace.EC.EmployeeData.RES_ED03_LineManager(EmployeeData.java:1170)&#13;
</system-err></testcase><testcase classname="org.icrc.hrspace.EC.EmployeeData" name="RES ED04 HRM"><error message="javascript error: Cannot read properties of null (reading 'shadowRoot')&#10;  (Session info: chrome-headless-shell=124.0.6367.118)&#10;Build info: version: '3.141.59', revision: 'e82be7d358', time: '2018-11-14T08:17:03'&#10;System info: host: 'PCS13944', ip: '192.168.254.103', os.name: 'Windows 10', os.arch: 'amd64', os.version: '10.0', java.version: '11.0.16'&#10;Driver info: org.openqa.selenium.chrome.ChromeDriver&#10;Capabilities {acceptInsecureCerts: false, browserName: chrome-headless-shell, browserVersion: 124.0.6367.118, chrome: {chromedriverVersion: 123.0.6312.58 (6b4b19e9dfbb..., userDataDir: C:\Users\A564240\AppData\Lo...}, fedcm:accounts: true, goog:chromeOptions: {debuggerAddress: localhost:55710}, javascriptEnabled: true, networkConnectionEnabled: false, pageLoadStrategy: normal, platform: WINDOWS, platformName: WINDOWS, proxy: Proxy(manual, http=gvamcpro..., setWindowRect: true, strictFileInteractability: false, timeouts: {implicit: 0, pageLoad: 300000, script: 30000}, unhandledPromptBehavior: dismiss and notify, webauthn:extension:credBlob: true, webauthn:extension:largeBlob: true, webauthn:extension:minPinLength: true, webauthn:extension:prf: true, webauthn:virtualAuthenticators: true}&#10;Session ID: a6403e8615d159639d01bf69d0d6d25b" type="org.openqa.selenium.JavascriptException">javascript error: Cannot read properties of null (reading 'shadowRoot')
  (Session info: chrome-headless-shell=124.0.6367.118)
Build info: version: '3.141.59', revision: 'e82be7d358', time: '2018-11-14T08:17:03'
System info: host: 'PCS13944', ip: '192.168.254.103', os.name: 'Windows 10', os.arch: 'amd64', os.version: '10.0', java.version: '11.0.16'
Driver info: org.openqa.selenium.chrome.ChromeDriver
Capabilities {acceptInsecureCerts: false, browserName: chrome-headless-shell, browserVersion: 124.0.6367.118, chrome: {chromedriverVersion: 123.0.6312.58 (6b4b19e9dfbb..., userDataDir: C:\Users\A564240\AppData\Lo...}, fedcm:accounts: true, goog:chromeOptions: {debuggerAddress: localhost:55710}, javascriptEnabled: true, networkConnectionEnabled: false, pageLoadStrategy: normal, platform: WINDOWS, platformName: WINDOWS, proxy: Proxy(manual, http=gvamcpro..., setWindowRect: true, strictFileInteractability: false, timeouts: {implicit: 0, pageLoad: 300000, script: 30000}, unhandledPromptBehavior: dismiss and notify, webauthn:extension:credBlob: true, webauthn:extension:largeBlob: true, webauthn:extension:minPinLength: true, webauthn:extension:prf: true, webauthn:virtualAuthenticators: true}
Session ID: a6403e8615d159639d01bf69d0d6d25b</error><system-err>javascript error: Cannot read properties of null (reading 'shadowRoot')
  (Session info: chrome-headless-shell=124.0.6367.118)
Build info: version: '3.141.59', revision: 'e82be7d358', time: '2018-11-14T08:17:03'
System info: host: 'PCS13944', ip: '192.168.254.103', os.name: 'Windows 10', os.arch: 'amd64', os.version: '10.0', java.version: '11.0.16'
Driver info: org.openqa.selenium.chrome.ChromeDriver
Capabilities {acceptInsecureCerts: false, browserName: chrome-headless-shell, browserVersion: 124.0.6367.118, chrome: {chromedriverVersion: 123.0.6312.58 (6b4b19e9dfbb..., userDataDir: C:\Users\A564240\AppData\Lo...}, fedcm:accounts: true, goog:chromeOptions: {debuggerAddress: localhost:55710}, javascriptEnabled: true, networkConnectionEnabled: false, pageLoadStrategy: normal, platform: WINDOWS, platformName: WINDOWS, proxy: Proxy(manual, http=gvamcpro..., setWindowRect: true, strictFileInteractability: false, timeouts: {implicit: 0, pageLoad: 300000, script: 30000}, unhandledPromptBehavior: dismiss and notify, webauthn:extension:credBlob: true, webauthn:extension:largeBlob: true, webauthn:extension:minPinLength: true, webauthn:extension:prf: true, webauthn:virtualAuthenticators: true}
Session ID: a6403e8615d159639d01bf69d0d6d25b&#13;
pages.GenericPage.javaScriptWebElement(GenericPage.java:307)&#13;
pages.HeaderPage.searchEmployeeOnSearchBar(HeaderPage.java:142)&#13;
steps.HeaderSteps.when_I_search_employee(HeaderSteps.java:34)&#13;
steps.HeaderSteps.when_I_search_for_an_employee_using_the_header_search_bar(HeaderSteps.java:26)&#13;
org.icrc.hrspace.EC.EmployeeData.RES_ED04_HRM(EmployeeData.java:1099)&#13;
</system-err></testcase><testcase classname="org.icrc.hrspace.EC.EmployeeData" name="RES ED05 HRIS"><error message="javascript error: Cannot read properties of null (reading 'shadowRoot')&#10;  (Session info: chrome-headless-shell=124.0.6367.118)&#10;Build info: version: '3.141.59', revision: 'e82be7d358', time: '2018-11-14T08:17:03'&#10;System info: host: 'PCS13944', ip: '192.168.254.103', os.name: 'Windows 10', os.arch: 'amd64', os.version: '10.0', java.version: '11.0.16'&#10;Driver info: org.openqa.selenium.chrome.ChromeDriver&#10;Capabilities {acceptInsecureCerts: false, browserName: chrome-headless-shell, browserVersion: 124.0.6367.118, chrome: {chromedriverVersion: 123.0.6312.58 (6b4b19e9dfbb..., userDataDir: C:\Users\A564240\AppData\Lo...}, fedcm:accounts: true, goog:chromeOptions: {debuggerAddress: localhost:55737}, javascriptEnabled: true, networkConnectionEnabled: false, pageLoadStrategy: normal, platform: WINDOWS, platformName: WINDOWS, proxy: Proxy(manual, http=gvamcpro..., setWindowRect: true, strictFileInteractability: false, timeouts: {implicit: 0, pageLoad: 300000, script: 30000}, unhandledPromptBehavior: dismiss and notify, webauthn:extension:credBlob: true, webauthn:extension:largeBlob: true, webauthn:extension:minPinLength: true, webauthn:extension:prf: true, webauthn:virtualAuthenticators: true}&#10;Session ID: d0aa1e6affec7a35992f6b617de9247d" type="org.openqa.selenium.JavascriptException">javascript error: Cannot read properties of null (reading 'shadowRoot')
  (Session info: chrome-headless-shell=124.0.6367.118)
Build info: version: '3.141.59', revision: 'e82be7d358', time: '2018-11-14T08:17:03'
System info: host: 'PCS13944', ip: '192.168.254.103', os.name: 'Windows 10', os.arch: 'amd64', os.version: '10.0', java.version: '11.0.16'
Driver info: org.openqa.selenium.chrome.ChromeDriver
Capabilities {acceptInsecureCerts: false, browserName: chrome-headless-shell, browserVersion: 124.0.6367.118, chrome: {chromedriverVersion: 123.0.6312.58 (6b4b19e9dfbb..., userDataDir: C:\Users\A564240\AppData\Lo...}, fedcm:accounts: true, goog:chromeOptions: {debuggerAddress: localhost:55737}, javascriptEnabled: true, networkConnectionEnabled: false, pageLoadStrategy: normal, platform: WINDOWS, platformName: WINDOWS, proxy: Proxy(manual, http=gvamcpro..., setWindowRect: true, strictFileInteractability: false, timeouts: {implicit: 0, pageLoad: 300000, script: 30000}, unhandledPromptBehavior: dismiss and notify, webauthn:extension:credBlob: true, webauthn:extension:largeBlob: true, webauthn:extension:minPinLength: true, webauthn:extension:prf: true, webauthn:virtualAuthenticators: true}
Session ID: d0aa1e6affec7a35992f6b617de9247d</error><system-err>javascript error: Cannot read properties of null (reading 'shadowRoot')
  (Session info: chrome-headless-shell=124.0.6367.118)
Build info: version: '3.141.59', revision: 'e82be7d358', time: '2018-11-14T08:17:03'
System info: host: 'PCS13944', ip: '192.168.254.103', os.name: 'Windows 10', os.arch: 'amd64', os.version: '10.0', java.version: '11.0.16'
Driver info: org.openqa.selenium.chrome.ChromeDriver
Capabilities {acceptInsecureCerts: false, browserName: chrome-headless-shell, browserVersion: 124.0.6367.118, chrome: {chromedriverVersion: 123.0.6312.58 (6b4b19e9dfbb..., userDataDir: C:\Users\A564240\AppData\Lo...}, fedcm:accounts: true, goog:chromeOptions: {debuggerAddress: localhost:55737}, javascriptEnabled: true, networkConnectionEnabled: false, pageLoadStrategy: normal, platform: WINDOWS, platformName: WINDOWS, proxy: Proxy(manual, http=gvamcpro..., setWindowRect: true, strictFileInteractability: false, timeouts: {implicit: 0, pageLoad: 300000, script: 30000}, unhandledPromptBehavior: dismiss and notify, webauthn:extension:credBlob: true, webauthn:extension:largeBlob: true, webauthn:extension:minPinLength: true, webauthn:extension:prf: true, webauthn:virtualAuthenticators: true}
Session ID: d0aa1e6affec7a35992f6b617de9247d&#13;
pages.GenericPage.javaScriptWebElement(GenericPage.java:307)&#13;
pages.HeaderPage.searchEmployeeOnSearchBar(HeaderPage.java:142)&#13;
steps.HeaderSteps.when_I_search_employee(HeaderSteps.java:34)&#13;
steps.HeaderSteps.when_I_search_for_an_employee_using_the_header_search_bar(HeaderSteps.java:26)&#13;
org.icrc.hrspace.EC.EmployeeData.RES_ED05_HRIS(EmployeeData.java:1023)&#13;
</system-err></testcase><testcase classname="org.icrc.hrspace.EC.EmployeeData" name="RES ED11 HR CA"><error message="javascript error: Cannot read properties of null (reading 'shadowRoot')&#10;  (Session info: chrome-headless-shell=124.0.6367.118)&#10;Build info: version: '3.141.59', revision: 'e82be7d358', time: '2018-11-14T08:17:03'&#10;System info: host: 'PCS13944', ip: '192.168.254.103', os.name: 'Windows 10', os.arch: 'amd64', os.version: '10.0', java.version: '11.0.16'&#10;Driver info: org.openqa.selenium.chrome.ChromeDriver&#10;Capabilities {acceptInsecureCerts: false, browserName: chrome-headless-shell, browserVersion: 124.0.6367.118, chrome: {chromedriverVersion: 123.0.6312.58 (6b4b19e9dfbb..., userDataDir: C:\Users\A564240\AppData\Lo...}, fedcm:accounts: true, goog:chromeOptions: {debuggerAddress: localhost:55769}, javascriptEnabled: true, networkConnectionEnabled: false, pageLoadStrategy: normal, platform: WINDOWS, platformName: WINDOWS, proxy: Proxy(manual, http=gvamcpro..., setWindowRect: true, strictFileInteractability: false, timeouts: {implicit: 0, pageLoad: 300000, script: 30000}, unhandledPromptBehavior: dismiss and notify, webauthn:extension:credBlob: true, webauthn:extension:largeBlob: true, webauthn:extension:minPinLength: true, webauthn:extension:prf: true, webauthn:virtualAuthenticators: true}&#10;Session ID: 710e9cec5ad0261251c973a9aa4be242" type="org.openqa.selenium.JavascriptException">javascript error: Cannot read properties of null (reading 'shadowRoot')
  (Session info: chrome-headless-shell=124.0.6367.118)
Build info: version: '3.141.59', revision: 'e82be7d358', time: '2018-11-14T08:17:03'
System info: host: 'PCS13944', ip: '192.168.254.103', os.name: 'Windows 10', os.arch: 'amd64', os.version: '10.0', java.version: '11.0.16'
Driver info: org.openqa.selenium.chrome.ChromeDriver
Capabilities {acceptInsecureCerts: false, browserName: chrome-headless-shell, browserVersion: 124.0.6367.118, chrome: {chromedriverVersion: 123.0.6312.58 (6b4b19e9dfbb..., userDataDir: C:\Users\A564240\AppData\Lo...}, fedcm:accounts: true, goog:chromeOptions: {debuggerAddress: localhost:55769}, javascriptEnabled: true, networkConnectionEnabled: false, pageLoadStrategy: normal, platform: WINDOWS, platformName: WINDOWS, proxy: Proxy(manual, http=gvamcpro..., setWindowRect: true, strictFileInteractability: false, timeouts: {implicit: 0, pageLoad: 300000, script: 30000}, unhandledPromptBehavior: dismiss and notify, webauthn:extension:credBlob: true, webauthn:extension:largeBlob: true, webauthn:extension:minPinLength: true, webauthn:extension:prf: true, webauthn:virtualAuthenticators: true}
Session ID: 710e9cec5ad0261251c973a9aa4be242</error><system-err>javascript error: Cannot read properties of null (reading 'shadowRoot')
  (Session info: chrome-headless-shell=124.0.6367.118)
Build info: version: '3.141.59', revision: 'e82be7d358', time: '2018-11-14T08:17:03'
System info: host: 'PCS13944', ip: '192.168.254.103', os.name: 'Windows 10', os.arch: 'amd64', os.version: '10.0', java.version: '11.0.16'
Driver info: org.openqa.selenium.chrome.ChromeDriver
Capabilities {acceptInsecureCerts: false, browserName: chrome-headless-shell, browserVersion: 124.0.6367.118, chrome: {chromedriverVersion: 123.0.6312.58 (6b4b19e9dfbb..., userDataDir: C:\Users\A564240\AppData\Lo...}, fedcm:accounts: true, goog:chromeOptions: {debuggerAddress: localhost:55769}, javascriptEnabled: true, networkConnectionEnabled: false, pageLoadStrategy: normal, platform: WINDOWS, platformName: WINDOWS, proxy: Proxy(manual, http=gvamcpro..., setWindowRect: true, strictFileInteractability: false, timeouts: {implicit: 0, pageLoad: 300000, script: 30000}, unhandledPromptBehavior: dismiss and notify, webauthn:extension:credBlob: true, webauthn:extension:largeBlob: true, webauthn:extension:minPinLength: true, webauthn:extension:prf: true, webauthn:virtualAuthenticators: true}
Session ID: 710e9cec5ad0261251c973a9aa4be242&#13;
pages.GenericPage.javaScriptWebElement(GenericPage.java:307)&#13;
pages.HeaderPage.searchEmployeeOnSearchBar(HeaderPage.java:142)&#13;
steps.HeaderSteps.when_I_search_employee(HeaderSteps.java:34)&#13;
steps.HeaderSteps.when_I_search_for_an_employee_using_the_header_search_bar(HeaderSteps.java:26)&#13;
org.icrc.hrspace.EC.EmployeeData.RES_ED11_HR_CA(EmployeeData.java:802)&#13;
</system-err></testcase><testcase classname="org.icrc.hrspace.EC.EmployeeData" name="RES ED11 HR pay roll"><error message="javascript error: Cannot read properties of null (reading 'shadowRoot')&#10;  (Session info: chrome-headless-shell=124.0.6367.118)&#10;Build info: version: '3.141.59', revision: 'e82be7d358', time: '2018-11-14T08:17:03'&#10;System info: host: 'PCS13944', ip: '192.168.254.103', os.name: 'Windows 10', os.arch: 'amd64', os.version: '10.0', java.version: '11.0.16'&#10;Driver info: org.openqa.selenium.chrome.ChromeDriver&#10;Capabilities {acceptInsecureCerts: false, browserName: chrome-headless-shell, browserVersion: 124.0.6367.118, chrome: {chromedriverVersion: 123.0.6312.58 (6b4b19e9dfbb..., userDataDir: C:\Users\A564240\AppData\Lo...}, fedcm:accounts: true, goog:chromeOptions: {debuggerAddress: localhost:55795}, javascriptEnabled: true, networkConnectionEnabled: false, pageLoadStrategy: normal, platform: WINDOWS, platformName: WINDOWS, proxy: Proxy(manual, http=gvamcpro..., setWindowRect: true, strictFileInteractability: false, timeouts: {implicit: 0, pageLoad: 300000, script: 30000}, unhandledPromptBehavior: dismiss and notify, webauthn:extension:credBlob: true, webauthn:extension:largeBlob: true, webauthn:extension:minPinLength: true, webauthn:extension:prf: true, webauthn:virtualAuthenticators: true}&#10;Session ID: 610e978f5550cd20e3f9ded9d0bb24b1" type="org.openqa.selenium.JavascriptException">javascript error: Cannot read properties of null (reading 'shadowRoot')
  (Session info: chrome-headless-shell=124.0.6367.118)
Build info: version: '3.141.59', revision: 'e82be7d358', time: '2018-11-14T08:17:03'
System info: host: 'PCS13944', ip: '192.168.254.103', os.name: 'Windows 10', os.arch: 'amd64', os.version: '10.0', java.version: '11.0.16'
Driver info: org.openqa.selenium.chrome.ChromeDriver
Capabilities {acceptInsecureCerts: false, browserName: chrome-headless-shell, browserVersion: 124.0.6367.118, chrome: {chromedriverVersion: 123.0.6312.58 (6b4b19e9dfbb..., userDataDir: C:\Users\A564240\AppData\Lo...}, fedcm:accounts: true, goog:chromeOptions: {debuggerAddress: localhost:55795}, javascriptEnabled: true, networkConnectionEnabled: false, pageLoadStrategy: normal, platform: WINDOWS, platformName: WINDOWS, proxy: Proxy(manual, http=gvamcpro..., setWindowRect: true, strictFileInteractability: false, timeouts: {implicit: 0, pageLoad: 300000, script: 30000}, unhandledPromptBehavior: dismiss and notify, webauthn:extension:credBlob: true, webauthn:extension:largeBlob: true, webauthn:extension:minPinLength: true, webauthn:extension:prf: true, webauthn:virtualAuthenticators: true}
Session ID: 610e978f5550cd20e3f9ded9d0bb24b1</error><system-err>javascript error: Cannot read properties of null (reading 'shadowRoot')
  (Session info: chrome-headless-shell=124.0.6367.118)
Build info: version: '3.141.59', revision: 'e82be7d358', time: '2018-11-14T08:17:03'
System info: host: 'PCS13944', ip: '192.168.254.103', os.name: 'Windows 10', os.arch: 'amd64', os.version: '10.0', java.version: '11.0.16'
Driver info: org.openqa.selenium.chrome.ChromeDriver
Capabilities {acceptInsecureCerts: false, browserName: chrome-headless-shell, browserVersion: 124.0.6367.118, chrome: {chromedriverVersion: 123.0.6312.58 (6b4b19e9dfbb..., userDataDir: C:\Users\A564240\AppData\Lo...}, fedcm:accounts: true, goog:chromeOptions: {debuggerAddress: localhost:55795}, javascriptEnabled: true, networkConnectionEnabled: false, pageLoadStrategy: normal, platform: WINDOWS, platformName: WINDOWS, proxy: Proxy(manual, http=gvamcpro..., setWindowRect: true, strictFileInteractability: false, timeouts: {implicit: 0, pageLoad: 300000, script: 30000}, unhandledPromptBehavior: dismiss and notify, webauthn:extension:credBlob: true, webauthn:extension:largeBlob: true, webauthn:extension:minPinLength: true, webauthn:extension:prf: true, webauthn:virtualAuthenticators: true}
Session ID: 610e978f5550cd20e3f9ded9d0bb24b1&#13;
pages.GenericPage.javaScriptWebElement(GenericPage.java:307)&#13;
pages.HeaderPage.searchEmployeeOnSearchBar(HeaderPage.java:142)&#13;
steps.HeaderSteps.when_I_search_employee(HeaderSteps.java:34)&#13;
steps.HeaderSteps.when_I_search_for_an_employee_using_the_header_search_bar(HeaderSteps.java:26)&#13;
org.icrc.hrspace.EC.EmployeeData.RES_ED11_HR_PayRoll(EmployeeData.java:944)&#13;
</system-err></testcase><testcase classname="org.icrc.hrspace.EC.EmployeeData" name="RES ED11 HR remuneraton"><error message="Expected condition failed: waiting for presence of By.xpath: //div[contains(@role, 'listbox')]/*[.//span[contains(., 'Personal Information')]]//button[@aria-label = 'Open Menu'] (tried for 15 second(s) with 100 milliseconds interval)&#10;Build info: version: '3.141.59', revision: 'e82be7d358', time: '2018-11-14T08:17:03'&#10;System info: host: 'PCS13944', ip: '192.168.254.103', os.name: 'Windows 10', os.arch: 'amd64', os.version: '10.0', java.version: '11.0.16'&#10;Driver info: net.thucydides.core.webdriver.WebDriverFacade" type="org.openqa.selenium.TimeoutException">Expected condition failed: waiting for presence of By.xpath: //div[contains(@role, 'listbox')]/*[.//span[contains(., 'Personal Information')]]//button[@aria-label = 'Open Menu'] (tried for 15 second(s) with 100 milliseconds interval)
Build info: version: '3.141.59', revision: 'e82be7d358', time: '2018-11-14T08:17:03'
System info: host: 'PCS13944', ip: '192.168.254.103', os.name: 'Windows 10', os.arch: 'amd64', os.version: '10.0', java.version: '11.0.16'
Driver info: net.thucydides.core.webdriver.WebDriverFacade</error><system-err>Expected condition failed: waiting for presence of By.xpath: //div[contains(@role, 'listbox')]/*[.//span[contains(., 'Personal Information')]]//button[@aria-label = 'Open Menu'] (tried for 15 second(s) with 100 milliseconds interval)
Build info: version: '3.141.59', revision: 'e82be7d358', time: '2018-11-14T08:17:03'
System info: host: 'PCS13944', ip: '192.168.254.103', os.name: 'Windows 10', os.arch: 'amd64', os.version: '10.0', java.version: '11.0.16'
Driver info: net.thucydides.core.webdriver.WebDriverFacade&#13;
utils.ExplicitWait.explicitlyWaitForPresenceOfElement(ExplicitWait.java:119)&#13;
pages.GenericPage.clickElement(GenericPage.java:194)&#13;
pages.MyEmployeeFilePage.goToPortlet(MyEmployeeFilePage.java:48)&#13;
steps.EC.MyEmployeeFileSteps.when_I_go_to_Biographical_Info(MyEmployeeFileSteps.java:30)&#13;
org.icrc.hrspace.EC.EmployeeData.RES_ED11_HR_Remuneraton(EmployeeData.java:879)&#13;
</system-err></testcase><testcase classname="org.icrc.hrspace.EC.EmployeeData" name="RES ED15 HRAX"><error message="Expected condition failed: waiting for presence of By.xpath: //div[contains(@role, 'listbox')]/*[.//span[contains(., 'Personal Information')]]//button[@aria-label = 'Open Menu'] (tried for 15 second(s) with 100 milliseconds interval)&#10;Build info: version: '3.141.59', revision: 'e82be7d358', time: '2018-11-14T08:17:03'&#10;System info: host: 'PCS13944', ip: '192.168.254.103', os.name: 'Windows 10', os.arch: 'amd64', os.version: '10.0', java.version: '11.0.16'&#10;Driver info: net.thucydides.core.webdriver.WebDriverFacade" type="org.openqa.selenium.TimeoutException">Expected condition failed: waiting for presence of By.xpath: //div[contains(@role, 'listbox')]/*[.//span[contains(., 'Personal Information')]]//button[@aria-label = 'Open Menu'] (tried for 15 second(s) with 100 milliseconds interval)
Build info: version: '3.141.59', revision: 'e82be7d358', time: '2018-11-14T08:17:03'
System info: host: 'PCS13944', ip: '192.168.254.103', os.name: 'Windows 10', os.arch: 'amd64', os.version: '10.0', java.version: '11.0.16'
Driver info: net.thucydides.core.webdriver.WebDriverFacade</error><system-err>Expected condition failed: waiting for presence of By.xpath: //div[contains(@role, 'listbox')]/*[.//span[contains(., 'Personal Information')]]//button[@aria-label = 'Open Menu'] (tried for 15 second(s) with 100 milliseconds interval)
Build info: version: '3.141.59', revision: 'e82be7d358', time: '2018-11-14T08:17:03'
System info: host: 'PCS13944', ip: '192.168.254.103', os.name: 'Windows 10', os.arch: 'amd64', os.version: '10.0', java.version: '11.0.16'
Driver info: net.thucydides.core.webdriver.WebDriverFacade&#13;
utils.ExplicitWait.explicitlyWaitForPresenceOfElement(ExplicitWait.java:119)&#13;
pages.GenericPage.clickElement(GenericPage.java:194)&#13;
pages.MyEmployeeFilePage.goToPortlet(MyEmployeeFilePage.java:48)&#13;
steps.EC.MyEmployeeFileSteps.when_I_go_to_Biographical_Info(MyEmployeeFileSteps.java:30)&#13;
org.icrc.hrspace.EC.EmployeeData.RES_ED15_HRAX(EmployeeData.java:668)&#13;
</system-err></testcase><testcase classname="org.icrc.hrspace.EC.EmployeeData" name="Check hra res employee data"><error message="javascript error: Cannot read properties of null (reading 'shadowRoot')&#10;  (Session info: chrome-headless-shell=124.0.6367.118)&#10;Build info: version: '3.141.59', revision: 'e82be7d358', time: '2018-11-14T08:17:03'&#10;System info: host: 'PCS13944', ip: '192.168.254.103', os.name: 'Windows 10', os.arch: 'amd64', os.version: '10.0', java.version: '11.0.16'&#10;Driver info: org.openqa.selenium.chrome.ChromeDriver&#10;Capabilities {acceptInsecureCerts: false, browserName: chrome-headless-shell, browserVersion: 124.0.6367.118, chrome: {chromedriverVersion: 123.0.6312.58 (6b4b19e9dfbb..., userDataDir: C:\Users\A564240\AppData\Lo...}, fedcm:accounts: true, goog:chromeOptions: {debuggerAddress: localhost:55929}, javascriptEnabled: true, networkConnectionEnabled: false, pageLoadStrategy: normal, platform: WINDOWS, platformName: WINDOWS, proxy: Proxy(manual, http=gvamcpro..., setWindowRect: true, strictFileInteractability: false, timeouts: {implicit: 0, pageLoad: 300000, script: 30000}, unhandledPromptBehavior: dismiss and notify, webauthn:extension:credBlob: true, webauthn:extension:largeBlob: true, webauthn:extension:minPinLength: true, webauthn:extension:prf: true, webauthn:virtualAuthenticators: true}&#10;Session ID: 7a60b89603e920b48962e0f36208d7fb" type="org.openqa.selenium.JavascriptException">javascript error: Cannot read properties of null (reading 'shadowRoot')
  (Session info: chrome-headless-shell=124.0.6367.118)
Build info: version: '3.141.59', revision: 'e82be7d358', time: '2018-11-14T08:17:03'
System info: host: 'PCS13944', ip: '192.168.254.103', os.name: 'Windows 10', os.arch: 'amd64', os.version: '10.0', java.version: '11.0.16'
Driver info: org.openqa.selenium.chrome.ChromeDriver
Capabilities {acceptInsecureCerts: false, browserName: chrome-headless-shell, browserVersion: 124.0.6367.118, chrome: {chromedriverVersion: 123.0.6312.58 (6b4b19e9dfbb..., userDataDir: C:\Users\A564240\AppData\Lo...}, fedcm:accounts: true, goog:chromeOptions: {debuggerAddress: localhost:55929}, javascriptEnabled: true, networkConnectionEnabled: false, pageLoadStrategy: normal, platform: WINDOWS, platformName: WINDOWS, proxy: Proxy(manual, http=gvamcpro..., setWindowRect: true, strictFileInteractability: false, timeouts: {implicit: 0, pageLoad: 300000, script: 30000}, unhandledPromptBehavior: dismiss and notify, webauthn:extension:credBlob: true, webauthn:extension:largeBlob: true, webauthn:extension:minPinLength: true, webauthn:extension:prf: true, webauthn:virtualAuthenticators: true}
Session ID: 7a60b89603e920b48962e0f36208d7fb</error><system-err>javascript error: Cannot read properties of null (reading 'shadowRoot')
  (Session info: chrome-headless-shell=124.0.6367.118)
Build info: version: '3.141.59', revision: 'e82be7d358', time: '2018-11-14T08:17:03'
System info: host: 'PCS13944', ip: '192.168.254.103', os.name: 'Windows 10', os.arch: 'amd64', os.version: '10.0', java.version: '11.0.16'
Driver info: org.openqa.selenium.chrome.ChromeDriver
Capabilities {acceptInsecureCerts: false, browserName: chrome-headless-shell, browserVersion: 124.0.6367.118, chrome: {chromedriverVersion: 123.0.6312.58 (6b4b19e9dfbb..., userDataDir: C:\Users\A564240\AppData\Lo...}, fedcm:accounts: true, goog:chromeOptions: {debuggerAddress: localhost:55929}, javascriptEnabled: true, networkConnectionEnabled: false, pageLoadStrategy: normal, platform: WINDOWS, platformName: WINDOWS, proxy: Proxy(manual, http=gvamcpro..., setWindowRect: true, strictFileInteractability: false, timeouts: {implicit: 0, pageLoad: 300000, script: 30000}, unhandledPromptBehavior: dismiss and notify, webauthn:extension:credBlob: true, webauthn:extension:largeBlob: true, webauthn:extension:minPinLength: true, webauthn:extension:prf: true, webauthn:virtualAuthenticators: true}
Session ID: 7a60b89603e920b48962e0f36208d7fb&#13;
pages.GenericPage.javaScriptWebElement(GenericPage.java:307)&#13;
pages.HeaderPage.searchEmployeeOnSearchBar(HeaderPage.java:142)&#13;
steps.HeaderSteps.when_I_search_employee(HeaderSteps.java:34)&#13;
steps.HeaderSteps.when_I_search_for_an_employee_using_the_header_search_bar(HeaderSteps.java:26)&#13;
org.icrc.hrspace.EC.EmployeeData.checkHraResEmployeeData(EmployeeData.java:727)&#13;
</system-err></testcase></testsuite>