<?xml version="1.0" encoding="UTF-8"?><testsuite errors="1" failures="5" name="org.icrc.fadapplic.IRIS.FAD.AccountsPayable.UnbilledPOReceipts" skipped="0" tests="6" time="450.32" timestamp="2024-04-19 08:59:03"><testcase classname="org.icrc.fadapplic.IRIS.FAD.AccountsPayable.UnbilledPOReceipts" name="Close unbilled PO receipt"><failure type="java.lang.AssertionError"/><system-err>null&#13;
steps.IRIS.FAD.CloseUnbilledPOReceiptsSteps.then_the_Open_Invoices_search_result_should_show_up(CloseUnbilledPOReceiptsSteps.java:38)&#13;
org.icrc.fadapplic.IRIS.FAD.AccountsPayable.UnbilledPOReceipts.closeUnbilledPOReceipt(UnbilledPOReceipts.java:56)&#13;
</system-err></testcase><testcase classname="org.icrc.fadapplic.IRIS.FAD.AccountsPayable.UnbilledPOReceipts" name="Matching receipt"><failure type="java.lang.AssertionError"/><system-err>null&#13;
steps.IRIS.FAD.MatchingReceiptSteps.then_the_voucher_search_results_should_show_up(MatchingReceiptSteps.java:45)&#13;
org.icrc.fadapplic.IRIS.FAD.AccountsPayable.UnbilledPOReceipts.matchingReceipt(UnbilledPOReceipts.java:109)&#13;
</system-err></testcase><testcase classname="org.icrc.fadapplic.IRIS.FAD.AccountsPayable.UnbilledPOReceipts" name="Unbilled PO matching receipts"><failure message="Expected enabled element was not enabled" type="net.thucydides.core.webdriver.exceptions.ElementShouldBeEnabledException">Expected enabled element was not enabled</failure><system-err>Expected enabled element was not enabled&#13;
pageobjects.IRIS.FAD.GenericPage.clickElement(GenericPage.java:199)&#13;
pageobjects.IRIS.FAD.GenericPage.clickLabeledButton(GenericPage.java:289)&#13;
pageobjects.IRIS.FAD.FADGenericPage.clickOnContinueBtn(FADGenericPage.java:383)&#13;
steps.IRIS.FAD.MatchingReceiptSteps.when_I_click_on_Continue_button(MatchingReceiptSteps.java:71)&#13;
org.icrc.fadapplic.IRIS.FAD.AccountsPayable.UnbilledPOReceipts.unbilledPOMatchingReceipts(UnbilledPOReceipts.java:269)&#13;
</system-err></testcase><testcase classname="org.icrc.fadapplic.IRIS.FAD.AccountsPayable.UnbilledPOReceipts" name="Matching receipt with DA"><failure message="Expected enabled element was not enabled" type="net.thucydides.core.webdriver.exceptions.ElementShouldBeEnabledException">Expected enabled element was not enabled</failure><system-err>Expected enabled element was not enabled&#13;
pageobjects.IRIS.FAD.GenericPage.clickElement(GenericPage.java:199)&#13;
pageobjects.IRIS.FAD.GenericPage.clickLabeledButton(GenericPage.java:289)&#13;
pageobjects.IRIS.FAD.FADGenericPage.clickOnContinueBtn(FADGenericPage.java:383)&#13;
steps.IRIS.FAD.MatchingReceiptSteps.when_I_click_on_Continue_button(MatchingReceiptSteps.java:71)&#13;
org.icrc.fadapplic.IRIS.FAD.AccountsPayable.UnbilledPOReceipts.matchingReceiptWithDA(UnbilledPOReceipts.java:321)&#13;
</system-err></testcase><testcase classname="org.icrc.fadapplic.IRIS.FAD.AccountsPayable.UnbilledPOReceipts" name="Matching receipt validate"><failure message="Expected enabled element was not enabled" type="net.thucydides.core.webdriver.exceptions.ElementShouldBeEnabledException">Expected enabled element was not enabled</failure><system-err>Expected enabled element was not enabled&#13;
pageobjects.IRIS.FAD.GenericPage.clickElement(GenericPage.java:199)&#13;
pageobjects.IRIS.FAD.GenericPage.clickLabeledButton(GenericPage.java:289)&#13;
pageobjects.IRIS.FAD.FADGenericPage.clickOnContinueBtn(FADGenericPage.java:383)&#13;
steps.IRIS.FAD.MatchingReceiptSteps.when_I_click_on_Continue_button(MatchingReceiptSteps.java:71)&#13;
org.icrc.fadapplic.IRIS.FAD.AccountsPayable.UnbilledPOReceipts.matchingReceiptValidate(UnbilledPOReceipts.java:223)&#13;
</system-err></testcase><testcase classname="org.icrc.fadapplic.IRIS.FAD.AccountsPayable.UnbilledPOReceipts" name="Unbilled POCUPR simple"><error message="Expected condition failed: waiting for visibility of element located by By.xpath: //div[contains(@class, 'modal') and contains(@style, 'left: 0px')]//h3 (tried for 20 second(s) with 100 milliseconds interval)" type="org.openqa.selenium.TimeoutException">Expected condition failed: waiting for visibility of element located by By.xpath: //div[contains(@class, 'modal') and contains(@style, 'left: 0px')]//h3 (tried for 20 second(s) with 100 milliseconds interval)</error><system-err>Expected condition failed: waiting for visibility of element located by By.xpath: //div[contains(@class, 'modal') and contains(@style, 'left: 0px')]//h3 (tried for 20 second(s) with 100 milliseconds interval)&#13;
utils.ExplicitWait.explicitlyWaitForVisibilityOfElement(ExplicitWait.java:30)&#13;
pageobjects.IRIS.FAD.FADModalPage.getModalTitle(FADModalPage.java:21)&#13;
steps.IRIS.FAD.CloseUnbilledPOReceiptsSteps.then_the_CUPR_Payment_Successfully_Created_modal_should_show_up(CloseUnbilledPOReceiptsSteps.java:75)&#13;
org.icrc.fadapplic.IRIS.FAD.AccountsPayable.UnbilledPOReceipts.unbilledPOCUPRSimple(UnbilledPOReceipts.java:181)&#13;
</system-err></testcase></testsuite>