<?xml version="1.0" encoding="UTF-8"?><testsuite errors="1" failures="0" name="org.icrc.hrspace.EC.Workflow" skipped="0" tests="5" time="1048.74" timestamp="2024-05-06 06:00:42"><testcase classname="org.icrc.hrspace.EC.Workflow" name="Update marital status"/><testcase classname="org.icrc.hrspace.EC.Workflow" name="Change address"><error message="no such element: Unable to locate element: {&quot;method&quot;:&quot;xpath&quot;,&quot;selector&quot;:&quot;.//textarea&quot;}&#10;  (Session info: chrome=124.0.6367.119)&#10;For documentation on this error, please visit: https://www.seleniumhq.org/exceptions/no_such_element.html&#10;Build info: version: '3.141.59', revision: 'e82be7d358', time: '2018-11-14T08:17:03'&#10;System info: host: 'PCS13944', ip: '192.168.254.103', os.name: 'Windows 10', os.arch: 'amd64', os.version: '10.0', java.version: '11.0.16'&#10;Driver info: org.openqa.selenium.chrome.ChromeDriver&#10;Capabilities {acceptInsecureCerts: false, browserName: chrome, browserVersion: 124.0.6367.119, chrome: {chromedriverVersion: 123.0.6312.58 (6b4b19e9dfbb..., userDataDir: C:\Users\A564240\AppData\Lo...}, fedcm:accounts: true, goog:chromeOptions: {debuggerAddress: localhost:55001}, javascriptEnabled: true, networkConnectionEnabled: false, pageLoadStrategy: normal, platform: WINDOWS, platformName: WINDOWS, proxy: Proxy(manual, http=gvamcpro..., setWindowRect: true, strictFileInteractability: false, timeouts: {implicit: 0, pageLoad: 300000, script: 30000}, unhandledPromptBehavior: dismiss and notify, webauthn:extension:credBlob: true, webauthn:extension:largeBlob: true, webauthn:extension:minPinLength: true, webauthn:extension:prf: true, webauthn:virtualAuthenticators: true}&#10;Session ID: 02622e64531edd7475d661398be09a31&#10;*** Element info: {Using=xpath, value=.//textarea}" type="org.openqa.selenium.NoSuchElementException">no such element: Unable to locate element: {"method":"xpath","selector":".//textarea"}
  (Session info: chrome=124.0.6367.119)
For documentation on this error, please visit: https://www.seleniumhq.org/exceptions/no_such_element.html
Build info: version: '3.141.59', revision: 'e82be7d358', time: '2018-11-14T08:17:03'
System info: host: 'PCS13944', ip: '192.168.254.103', os.name: 'Windows 10', os.arch: 'amd64', os.version: '10.0', java.version: '11.0.16'
Driver info: org.openqa.selenium.chrome.ChromeDriver
Capabilities {acceptInsecureCerts: false, browserName: chrome, browserVersion: 124.0.6367.119, chrome: {chromedriverVersion: 123.0.6312.58 (6b4b19e9dfbb..., userDataDir: C:\Users\A564240\AppData\Lo...}, fedcm:accounts: true, goog:chromeOptions: {debuggerAddress: localhost:55001}, javascriptEnabled: true, networkConnectionEnabled: false, pageLoadStrategy: normal, platform: WINDOWS, platformName: WINDOWS, proxy: Proxy(manual, http=gvamcpro..., setWindowRect: true, strictFileInteractability: false, timeouts: {implicit: 0, pageLoad: 300000, script: 30000}, unhandledPromptBehavior: dismiss and notify, webauthn:extension:credBlob: true, webauthn:extension:largeBlob: true, webauthn:extension:minPinLength: true, webauthn:extension:prf: true, webauthn:virtualAuthenticators: true}
Session ID: 02622e64531edd7475d661398be09a31
*** Element info: {Using=xpath, value=.//textarea}</error><system-err>no such element: Unable to locate element: {"method":"xpath","selector":".//textarea"}
  (Session info: chrome=124.0.6367.119)
For documentation on this error, please visit: https://www.seleniumhq.org/exceptions/no_such_element.html
Build info: version: '3.141.59', revision: 'e82be7d358', time: '2018-11-14T08:17:03'
System info: host: 'PCS13944', ip: '192.168.254.103', os.name: 'Windows 10', os.arch: 'amd64', os.version: '10.0', java.version: '11.0.16'
Driver info: org.openqa.selenium.chrome.ChromeDriver
Capabilities {acceptInsecureCerts: false, browserName: chrome, browserVersion: 124.0.6367.119, chrome: {chromedriverVersion: 123.0.6312.58 (6b4b19e9dfbb..., userDataDir: C:\Users\A564240\AppData\Lo...}, fedcm:accounts: true, goog:chromeOptions: {debuggerAddress: localhost:55001}, javascriptEnabled: true, networkConnectionEnabled: false, pageLoadStrategy: normal, platform: WINDOWS, platformName: WINDOWS, proxy: Proxy(manual, http=gvamcpro..., setWindowRect: true, strictFileInteractability: false, timeouts: {implicit: 0, pageLoad: 300000, script: 30000}, unhandledPromptBehavior: dismiss and notify, webauthn:extension:credBlob: true, webauthn:extension:largeBlob: true, webauthn:extension:minPinLength: true, webauthn:extension:prf: true, webauthn:virtualAuthenticators: true}
Session ID: 02622e64531edd7475d661398be09a31
*** Element info: {Using=xpath, value=.//textarea}&#13;
pages.GenericPage.scrollIntoView(GenericPage.java:230)&#13;
pages.GenericPage.typeIntoTextFieldInputThenEnter(GenericPage.java:96)&#13;
pages.MyEmployeeFilePage.populateTextAreaField(MyEmployeeFilePage.java:1156)&#13;
steps.EC.MyEmployeeFileSteps.when_I_populate_text_area_field(MyEmployeeFileSteps.java:4088)&#13;
org.icrc.hrspace.EC.Workflow.changeAddress(Workflow.java:198)&#13;
</system-err></testcase><testcase classname="org.icrc.hrspace.EC.Workflow" name="Change nationality"/><testcase classname="org.icrc.hrspace.EC.Workflow" name="Update canton of origin"/><testcase classname="org.icrc.hrspace.EC.Workflow" name="Update phone information"/></testsuite>