<?xml version="1.0" encoding="UTF-8"?><testsuite errors="1" failures="0" name="org.icrc.fadapplic.IRIS.FAD.GeneralLedger.AnnualStatisticalBudget" skipped="0" tests="1" time="23.26" timestamp="2024-01-23 11:34:26"><testcase classname="org.icrc.fadapplic.IRIS.FAD.GeneralLedger.AnnualStatisticalBudget" name="Create annual statistical entry"><error message="Expected condition failed: waiting for visibility of element located by By.xpath: //div[@class = 'sidebar-menu-container'] (tried for 10 second(s) with 100 milliseconds interval)" type="org.openqa.selenium.TimeoutException">Expected condition failed: waiting for visibility of element located by By.xpath: //div[@class = 'sidebar-menu-container'] (tried for 10 second(s) with 100 milliseconds interval)</error><system-err>Expected condition failed: waiting for visibility of element located by By.xpath: //div[@class = 'sidebar-menu-container'] (tried for 10 second(s) with 100 milliseconds interval)&#13;
utils.ExplicitWait.explicitlyWaitForVisibilityOfElement(ExplicitWait.java:30)&#13;
pageobjects.IRIS.FAD.FADSidebarPage.clickSidebarMenu(FADSidebarPage.java:9)&#13;
pageobjects.IRIS.FAD.FADSidebarPage.openSidebarMenu(FADSidebarPage.java:14)&#13;
steps.IRIS.FAD.FADGenericSteps.when_I_open_page_from_sidebar_menu(FADGenericSteps.java:25)&#13;
steps.IRIS.FAD.AnnualStatisticalBudgetSteps.given_that_im_logged_in_to_Annual_Statistical_Budget_page(AnnualStatisticalBudgetSteps.java:18)&#13;
org.icrc.fadapplic.IRIS.FAD.GeneralLedger.AnnualStatisticalBudget.createAnnualStatisticalEntry(AnnualStatisticalBudget.java:39)&#13;
</system-err></testcase></testsuite>