<?xml version="1.0" encoding="UTF-8"?><testsuite errors="0" failures="6" name="org.icrc.fadapplic.IRIS.FAD.AccountsPayable.PreRegistration" skipped="0" tests="6" time="460.3" timestamp="2024-01-23 08:04:45"><testcase classname="org.icrc.fadapplic.IRIS.FAD.AccountsPayable.PreRegistration" name="Pre logging and gl distribution voucher match"><failure message="Expected enabled element was not enabled" type="net.thucydides.core.webdriver.exceptions.ElementShouldBeEnabledException">Expected enabled element was not enabled</failure><system-err>Expected enabled element was not enabled&#13;
pageobjects.IRIS.FAD.GenericPage.clickElement(GenericPage.java:199)&#13;
pageobjects.IRIS.FAD.GenericPage.clickLabeledButton(GenericPage.java:289)&#13;
pageobjects.IRIS.FAD.FADGenericPage.clickOnContinueBtn(FADGenericPage.java:383)&#13;
steps.IRIS.FAD.PreLoggingSteps.when_I_click_the_Continue_button(PreLoggingSteps.java:49)&#13;
org.icrc.fadapplic.IRIS.FAD.AccountsPayable.PreRegistration.preLoggingAndGlDistributionVoucherMatch(PreRegistration.java:91)&#13;
</system-err></testcase><testcase classname="org.icrc.fadapplic.IRIS.FAD.AccountsPayable.PreRegistration" name="Pre logging multi docs"><failure message="Expected enabled element was not enabled" type="net.thucydides.core.webdriver.exceptions.ElementShouldBeEnabledException">Expected enabled element was not enabled</failure><system-err>Expected enabled element was not enabled&#13;
pageobjects.IRIS.FAD.GenericPage.clickElement(GenericPage.java:199)&#13;
pageobjects.IRIS.FAD.GenericPage.clickLabeledButton(GenericPage.java:289)&#13;
pageobjects.IRIS.FAD.FADGenericPage.clickOnContinueBtn(FADGenericPage.java:383)&#13;
steps.IRIS.FAD.PreLoggingSteps.when_I_click_the_Continue_button(PreLoggingSteps.java:49)&#13;
org.icrc.fadapplic.IRIS.FAD.AccountsPayable.PreRegistration.preLoggingMultiDocs(PreRegistration.java:331)&#13;
</system-err></testcase><testcase classname="org.icrc.fadapplic.IRIS.FAD.AccountsPayable.PreRegistration" name="Pre logging"><failure message="Expected enabled element was not enabled" type="net.thucydides.core.webdriver.exceptions.ElementShouldBeEnabledException">Expected enabled element was not enabled</failure><system-err>Expected enabled element was not enabled&#13;
pageobjects.IRIS.FAD.GenericPage.clickElement(GenericPage.java:199)&#13;
pageobjects.IRIS.FAD.GenericPage.clickLabeledButton(GenericPage.java:289)&#13;
pageobjects.IRIS.FAD.FADGenericPage.clickOnContinueBtn(FADGenericPage.java:383)&#13;
steps.IRIS.FAD.PreLoggingSteps.when_I_click_the_Continue_button(PreLoggingSteps.java:49)&#13;
org.icrc.fadapplic.IRIS.FAD.AccountsPayable.PreRegistration.preLogging(PreRegistration.java:174)&#13;
</system-err></testcase><testcase classname="org.icrc.fadapplic.IRIS.FAD.AccountsPayable.PreRegistration" name="Pre logging with tax rate rounded"><failure message="Expected enabled element was not enabled" type="net.thucydides.core.webdriver.exceptions.ElementShouldBeEnabledException">Expected enabled element was not enabled</failure><system-err>Expected enabled element was not enabled&#13;
pageobjects.IRIS.FAD.GenericPage.clickElement(GenericPage.java:199)&#13;
pageobjects.IRIS.FAD.GenericPage.clickLabeledButton(GenericPage.java:289)&#13;
pageobjects.IRIS.FAD.FADGenericPage.clickOnContinueBtn(FADGenericPage.java:383)&#13;
steps.IRIS.FAD.PreLoggingSteps.when_I_click_the_Continue_button(PreLoggingSteps.java:49)&#13;
org.icrc.fadapplic.IRIS.FAD.AccountsPayable.PreRegistration.preLoggingWithTaxRateRounded(PreRegistration.java:467)&#13;
</system-err></testcase><testcase classname="org.icrc.fadapplic.IRIS.FAD.AccountsPayable.PreRegistration" name="Pre logging simple"><failure message="Expected enabled element was not enabled" type="net.thucydides.core.webdriver.exceptions.ElementShouldBeEnabledException">Expected enabled element was not enabled</failure><system-err>Expected enabled element was not enabled&#13;
pageobjects.IRIS.FAD.GenericPage.clickElement(GenericPage.java:199)&#13;
pageobjects.IRIS.FAD.GenericPage.clickLabeledButton(GenericPage.java:289)&#13;
pageobjects.IRIS.FAD.FADGenericPage.clickOnContinueBtn(FADGenericPage.java:383)&#13;
steps.IRIS.FAD.PreLoggingSteps.when_I_click_the_Continue_button(PreLoggingSteps.java:49)&#13;
org.icrc.fadapplic.IRIS.FAD.AccountsPayable.PreRegistration.preLoggingSimple(PreRegistration.java:539)&#13;
</system-err></testcase><testcase classname="org.icrc.fadapplic.IRIS.FAD.AccountsPayable.PreRegistration" name="Pre logging with tax rate"><failure message="Expected enabled element was not enabled" type="net.thucydides.core.webdriver.exceptions.ElementShouldBeEnabledException">Expected enabled element was not enabled</failure><system-err>Expected enabled element was not enabled&#13;
pageobjects.IRIS.FAD.GenericPage.clickElement(GenericPage.java:199)&#13;
pageobjects.IRIS.FAD.GenericPage.clickLabeledButton(GenericPage.java:289)&#13;
pageobjects.IRIS.FAD.FADGenericPage.clickOnContinueBtn(FADGenericPage.java:383)&#13;
steps.IRIS.FAD.PreLoggingSteps.when_I_click_the_Continue_button(PreLoggingSteps.java:49)&#13;
org.icrc.fadapplic.IRIS.FAD.AccountsPayable.PreRegistration.preLoggingWithTaxRate(PreRegistration.java:230)&#13;
</system-err></testcase></testsuite>