<?xml version="1.0" encoding="UTF-8"?><testsuite errors="1" failures="0" name="org.icrc.fadapplic.IRIS.FAD.AccountsPayable.ManageBankAccount" skipped="0" tests="5" time="461.74" timestamp="2024-01-23 07:48:01"><testcase classname="org.icrc.fadapplic.IRIS.FAD.AccountsPayable.ManageBankAccount" name="Add a bank account"><error message="no such element: Unable to locate element: {&quot;method&quot;:&quot;xpath&quot;,&quot;selector&quot;:&quot;/html/body/div[1]/div/div[3]/div/div/div[2]/div[1]/div[2]/div[2]/div/div[6]/div/button/div/div/span | /html/body/div[1]/div/div[3]/div[2]/div/div/div[2]/div/div[1]/div[2]/div[2]/div/div[2]/div/button/div/div/span&quot;}&#10;  (Session info: headless chrome=120.0.6099.225)&#10;For documentation on this error, please visit: https://www.seleniumhq.org/exceptions/no_such_element.html&#10;Build info: version: '3.141.59', revision: 'e82be7d358', time: '2018-11-14T08:17:03'&#10;System info: host: 'PCS13944', ip: '10.148.119.73', os.name: 'Windows 10', os.arch: 'amd64', os.version: '10.0', java.version: '1.8.0_202'&#10;Driver info: org.openqa.selenium.chrome.ChromeDriver&#10;Capabilities {acceptInsecureCerts: false, browserName: chrome, browserVersion: 120.0.6099.225, chrome: {chromedriverVersion: 119.0.6045.105 (38c72552c5e..., userDataDir: C:\Users\A564240\AppData\Lo...}, fedcm:accounts: true, goog:chromeOptions: {debuggerAddress: localhost:57574}, javascriptEnabled: true, networkConnectionEnabled: false, pageLoadStrategy: normal, platform: WINDOWS, platformName: WINDOWS, proxy: Proxy(), setWindowRect: true, strictFileInteractability: false, timeouts: {implicit: 0, pageLoad: 300000, script: 30000}, unhandledPromptBehavior: dismiss and notify, webauthn:extension:credBlob: true, webauthn:extension:largeBlob: true, webauthn:extension:minPinLength: true, webauthn:extension:prf: true, webauthn:virtualAuthenticators: true}&#10;Session ID: 70c8024cbb760c7b553365f661c064e0&#10;*** Element info: {Using=xpath, value=/html/body/div[1]/div/div[3]/div/div/div[2]/div[1]/div[2]/div[2]/div/div[6]/div/button/div/div/span | /html/body/div[1]/div/div[3]/div[2]/div/div/div[2]/div/div[1]/div[2]/div[2]/div/div[2]/div/button/div/div/span}" type="org.openqa.selenium.NoSuchElementException">no such element: Unable to locate element: {"method":"xpath","selector":"/html/body/div[1]/div/div[3]/div/div/div[2]/div[1]/div[2]/div[2]/div/div[6]/div/button/div/div/span | /html/body/div[1]/div/div[3]/div[2]/div/div/div[2]/div/div[1]/div[2]/div[2]/div/div[2]/div/button/div/div/span"}
  (Session info: headless chrome=120.0.6099.225)
For documentation on this error, please visit: https://www.seleniumhq.org/exceptions/no_such_element.html
Build info: version: '3.141.59', revision: 'e82be7d358', time: '2018-11-14T08:17:03'
System info: host: 'PCS13944', ip: '10.148.119.73', os.name: 'Windows 10', os.arch: 'amd64', os.version: '10.0', java.version: '1.8.0_202'
Driver info: org.openqa.selenium.chrome.ChromeDriver
Capabilities {acceptInsecureCerts: false, browserName: chrome, browserVersion: 120.0.6099.225, chrome: {chromedriverVersion: 119.0.6045.105 (38c72552c5e..., userDataDir: C:\Users\A564240\AppData\Lo...}, fedcm:accounts: true, goog:chromeOptions: {debuggerAddress: localhost:57574}, javascriptEnabled: true, networkConnectionEnabled: false, pageLoadStrategy: normal, platform: WINDOWS, platformName: WINDOWS, proxy: Proxy(), setWindowRect: true, strictFileInteractability: false, timeouts: {implicit: 0, pageLoad: 300000, script: 30000}, unhandledPromptBehavior: dismiss and notify, webauthn:extension:credBlob: true, webauthn:extension:largeBlob: true, webauthn:extension:minPinLength: true, webauthn:extension:prf: true, webauthn:virtualAuthenticators: true}
Session ID: 70c8024cbb760c7b553365f661c064e0
*** Element info: {Using=xpath, value=/html/body/div[1]/div/div[3]/div/div/div[2]/div[1]/div[2]/div[2]/div/div[6]/div/button/div/div/span | /html/body/div[1]/div/div[3]/div[2]/div/div/div[2]/div/div[1]/div[2]/div[2]/div/div[2]/div/button/div/div/span}</error><system-err>no such element: Unable to locate element: {"method":"xpath","selector":"/html/body/div[1]/div/div[3]/div/div/div[2]/div[1]/div[2]/div[2]/div/div[6]/div/button/div/div/span | /html/body/div[1]/div/div[3]/div[2]/div/div/div[2]/div/div[1]/div[2]/div[2]/div/div[2]/div/button/div/div/span"}
  (Session info: headless chrome=120.0.6099.225)
For documentation on this error, please visit: https://www.seleniumhq.org/exceptions/no_such_element.html
Build info: version: '3.141.59', revision: 'e82be7d358', time: '2018-11-14T08:17:03'
System info: host: 'PCS13944', ip: '10.148.119.73', os.name: 'Windows 10', os.arch: 'amd64', os.version: '10.0', java.version: '1.8.0_202'
Driver info: org.openqa.selenium.chrome.ChromeDriver
Capabilities {acceptInsecureCerts: false, browserName: chrome, browserVersion: 120.0.6099.225, chrome: {chromedriverVersion: 119.0.6045.105 (38c72552c5e..., userDataDir: C:\Users\A564240\AppData\Lo...}, fedcm:accounts: true, goog:chromeOptions: {debuggerAddress: localhost:57574}, javascriptEnabled: true, networkConnectionEnabled: false, pageLoadStrategy: normal, platform: WINDOWS, platformName: WINDOWS, proxy: Proxy(), setWindowRect: true, strictFileInteractability: false, timeouts: {implicit: 0, pageLoad: 300000, script: 30000}, unhandledPromptBehavior: dismiss and notify, webauthn:extension:credBlob: true, webauthn:extension:largeBlob: true, webauthn:extension:minPinLength: true, webauthn:extension:prf: true, webauthn:virtualAuthenticators: true}
Session ID: 70c8024cbb760c7b553365f661c064e0
*** Element info: {Using=xpath, value=/html/body/div[1]/div/div[3]/div/div/div[2]/div[1]/div[2]/div[2]/div/div[6]/div/button/div/div/span | /html/body/div[1]/div/div[3]/div[2]/div/div/div[2]/div/div[1]/div[2]/div[2]/div/div[2]/div/button/div/div/span}&#13;
pageobjects.IRIS.FAD.GenericPage.scrollIntoView(GenericPage.java:315)&#13;
pageobjects.IRIS.FAD.GenericPage.clickElement(GenericPage.java:197)&#13;
pageobjects.IRIS.FAD.FADGenericPage.clickOnAccordionContinueBtn(FADGenericPage.java:426)&#13;
steps.IRIS.FAD.ManageBankAccountSteps.when_I_click_accordion_Continue_button(ManageBankAccountSteps.java:114)&#13;
org.icrc.fadapplic.IRIS.FAD.AccountsPayable.ManageBankAccount.addABankAccount(ManageBankAccount.java:395)&#13;
</system-err></testcase><testcase classname="org.icrc.fadapplic.IRIS.FAD.AccountsPayable.ManageBankAccount" name="Edit a bank account"/><testcase classname="org.icrc.fadapplic.IRIS.FAD.AccountsPayable.ManageBankAccount" name="Search a bank account"/><testcase classname="org.icrc.fadapplic.IRIS.FAD.AccountsPayable.ManageBankAccount" name="Activate a bank account"/><testcase classname="org.icrc.fadapplic.IRIS.FAD.AccountsPayable.ManageBankAccount" name="Manage bank account using GVAGL bank account"/></testsuite>