<?xml version="1.0" encoding="UTF-8"?><testsuite errors="0" failures="7" name="org.icrc.fadapplic.IRIS.FAD.AccountsPayable.Payments" skipped="0" tests="7" time="520.42" timestamp="2024-01-23 07:55:55"><testcase classname="org.icrc.fadapplic.IRIS.FAD.AccountsPayable.Payments" name="Manual payment partial"><failure message="Expected enabled element was not enabled" type="net.thucydides.core.webdriver.exceptions.ElementShouldBeEnabledException">Expected enabled element was not enabled</failure><system-err>Expected enabled element was not enabled&#13;
pageobjects.IRIS.FAD.GenericPage.clickElement(GenericPage.java:199)&#13;
pageobjects.IRIS.FAD.GenericPage.clickLabeledButton(GenericPage.java:289)&#13;
pageobjects.IRIS.FAD.FADGenericPage.clickOnContinueBtn(FADGenericPage.java:383)&#13;
steps.IRIS.FAD.VoucherEntrySteps.when_I_click_on_Continue_button(VoucherEntrySteps.java:59)&#13;
org.icrc.fadapplic.IRIS.FAD.AccountsPayable.Payments.manualPaymentPartial(Payments.java:664)&#13;
</system-err></testcase><testcase classname="org.icrc.fadapplic.IRIS.FAD.AccountsPayable.Payments" name="Manual payment with multiple documents"><failure message="Expected enabled element was not enabled" type="net.thucydides.core.webdriver.exceptions.ElementShouldBeEnabledException">Expected enabled element was not enabled</failure><system-err>Expected enabled element was not enabled&#13;
pageobjects.IRIS.FAD.GenericPage.clickElement(GenericPage.java:199)&#13;
pageobjects.IRIS.FAD.GenericPage.clickLabeledButton(GenericPage.java:289)&#13;
pageobjects.IRIS.FAD.FADGenericPage.clickOnContinueBtn(FADGenericPage.java:383)&#13;
steps.IRIS.FAD.VoucherEntrySteps.when_I_click_on_Continue_button(VoucherEntrySteps.java:59)&#13;
org.icrc.fadapplic.IRIS.FAD.AccountsPayable.Payments.manualPaymentWithMultipleDocuments(Payments.java:1167)&#13;
</system-err></testcase><testcase classname="org.icrc.fadapplic.IRIS.FAD.AccountsPayable.Payments" name="Application of prepayment full"><failure message="Expected enabled element was not enabled" type="net.thucydides.core.webdriver.exceptions.ElementShouldBeEnabledException">Expected enabled element was not enabled</failure><system-err>Expected enabled element was not enabled&#13;
pageobjects.IRIS.FAD.GenericPage.clickElement(GenericPage.java:199)&#13;
pageobjects.IRIS.FAD.GenericPage.clickLabeledButton(GenericPage.java:289)&#13;
pageobjects.IRIS.FAD.FADGenericPage.clickOnContinueBtn(FADGenericPage.java:383)&#13;
steps.IRIS.FAD.PrepaymentSteps.when_I_click_Continue_button(PrepaymentSteps.java:48)&#13;
org.icrc.fadapplic.IRIS.FAD.AccountsPayable.Payments.applicationOfPrepaymentFull(Payments.java:102)&#13;
</system-err></testcase><testcase classname="org.icrc.fadapplic.IRIS.FAD.AccountsPayable.Payments" name="Manual payment with negative amount"><failure message="Expected enabled element was not enabled" type="net.thucydides.core.webdriver.exceptions.ElementShouldBeEnabledException">Expected enabled element was not enabled</failure><system-err>Expected enabled element was not enabled&#13;
pageobjects.IRIS.FAD.GenericPage.clickElement(GenericPage.java:199)&#13;
pageobjects.IRIS.FAD.GenericPage.clickLabeledButton(GenericPage.java:289)&#13;
pageobjects.IRIS.FAD.FADGenericPage.clickOnContinueBtn(FADGenericPage.java:383)&#13;
steps.IRIS.FAD.VoucherEntrySteps.when_I_click_on_Continue_button(VoucherEntrySteps.java:59)&#13;
org.icrc.fadapplic.IRIS.FAD.AccountsPayable.Payments.manualPaymentWithNegativeAmount(Payments.java:1004)&#13;
</system-err></testcase><testcase classname="org.icrc.fadapplic.IRIS.FAD.AccountsPayable.Payments" name="Manual payment with zero payments"><failure message="Expected enabled element was not enabled" type="net.thucydides.core.webdriver.exceptions.ElementShouldBeEnabledException">Expected enabled element was not enabled</failure><system-err>Expected enabled element was not enabled&#13;
pageobjects.IRIS.FAD.GenericPage.clickElement(GenericPage.java:199)&#13;
pageobjects.IRIS.FAD.GenericPage.clickLabeledButton(GenericPage.java:289)&#13;
pageobjects.IRIS.FAD.FADGenericPage.clickOnContinueBtn(FADGenericPage.java:383)&#13;
steps.IRIS.FAD.VoucherEntrySteps.when_I_click_on_Continue_button(VoucherEntrySteps.java:59)&#13;
org.icrc.fadapplic.IRIS.FAD.AccountsPayable.Payments.manualPaymentWithZeroPayments(Payments.java:791)&#13;
</system-err></testcase><testcase classname="org.icrc.fadapplic.IRIS.FAD.AccountsPayable.Payments" name="Manual payment full"><failure message="Expected enabled element was not enabled" type="net.thucydides.core.webdriver.exceptions.ElementShouldBeEnabledException">Expected enabled element was not enabled</failure><system-err>Expected enabled element was not enabled&#13;
pageobjects.IRIS.FAD.GenericPage.clickElement(GenericPage.java:199)&#13;
pageobjects.IRIS.FAD.GenericPage.clickLabeledButton(GenericPage.java:289)&#13;
pageobjects.IRIS.FAD.FADGenericPage.clickOnContinueBtn(FADGenericPage.java:383)&#13;
steps.IRIS.FAD.VoucherEntrySteps.when_I_click_on_Continue_button(VoucherEntrySteps.java:59)&#13;
org.icrc.fadapplic.IRIS.FAD.AccountsPayable.Payments.manualPaymentFull(Payments.java:545)&#13;
</system-err></testcase><testcase classname="org.icrc.fadapplic.IRIS.FAD.AccountsPayable.Payments" name="Application of prepayment partial"><failure message="Expected enabled element was not enabled" type="net.thucydides.core.webdriver.exceptions.ElementShouldBeEnabledException">Expected enabled element was not enabled</failure><system-err>Expected enabled element was not enabled&#13;
pageobjects.IRIS.FAD.GenericPage.clickElement(GenericPage.java:199)&#13;
pageobjects.IRIS.FAD.GenericPage.clickLabeledButton(GenericPage.java:289)&#13;
pageobjects.IRIS.FAD.FADGenericPage.clickOnContinueBtn(FADGenericPage.java:383)&#13;
steps.IRIS.FAD.PrepaymentSteps.when_I_click_Continue_button(PrepaymentSteps.java:48)&#13;
org.icrc.fadapplic.IRIS.FAD.AccountsPayable.Payments.applicationOfPrepaymentPartial(Payments.java:327)&#13;
</system-err></testcase></testsuite>